12:29:15 **** Build of project mb_bsp ****
make -k all 
libgen -hw ../edk_hw_platform/system.xml\
	       \
	       -pe microblaze_0 \
	       -log libgen.log \
	       system.mss
libgen
Xilinx EDK 14.5 Build EDK_P.58f
Copyright (c) 1995-2012 Xilinx, Inc.  All rights reserved.

Command Line: libgen -hw ../edk_hw_platform/system.xml -pe microblaze_0 -log
libgen.log system.mss 


Staging source files.
Running DRCs.
Running generate.
Running post_generate.
Running include - 'gmake -s include "COMPILER=mb-gcc" "ARCHIVER=mb-ar"
"COMPILER_FLAGS=-mno-xl-soft-mul -mxl-barrel-shift -mxl-pattern-compare
-mcpu=v8.50.a  -O2 -c" "EXTRA_COMPILER_FLAGS=-g"'.

Running libs - 'gmake -s libs "COMPILER=mb-gcc" "ARCHIVER=mb-ar"
"COMPILER_FLAGS=-mno-xl-soft-mul -mxl-barrel-shift -mxl-pattern-compare
-mcpu=v8.50.a  -O2 -c" "EXTRA_COMPILER_FLAGS=-g"'.
Compiling common
Compiling lldma
Compiling standalone
Compiling mpmc
Compiling bram
Compiling uartlite
Compiling intc
Compiling cpu
Running execs_generate.
Finished building libraries

12:29:23 Build Finished (took 7s.631ms)

