
Backup existing files under
/raid/home/akumar17/thesis/ml410_mb2/edk//pcores/fsl_switch_intf_v1_00_a/backup0
31915205734 ...

----------------------------------------------------------------------------
--                            File Generation                             --
----------------------------------------------------------------------------
No ProjNavigator support files will be generated at this time ...
No XST project files will be generated at this time ...
Start Creating drver source 

----------------------------------------------------------------------------
--                              Final Report                              --
----------------------------------------------------------------------------
Thank you for using Create and Import Peripheral Wizard!

Peripheral summary

  top name       : fsl_switch_intf
  version        : 1.00.a
  type           : FSL slave
  features       : 

File Summary

  - HDL source -
/raid/home/akumar17/thesis/ml410_mb2/edk/pcores/fsl_switch_intf_v1_00_a/hdl/vhdl
  top level      : fsl_switch_intf.vhd

  - XPS interface -
  /raid/home/akumar17/thesis/ml410_mb2/edk/pcores/fsl_switch_intf_v1_00_a/data
  mpd            : fsl_switch_intf_v2_1_0.mpd
  pao            : fsl_switch_intf_v2_1_0.pao

  - Misc file -
  /raid/home/akumar17/thesis/ml410_mb2/edk/pcores/fsl_switch_intf_v1_00_a/devl
  help           : README.txt
  option         : ipwiz.opt
  log            : ipwiz.log

  - Driver source -
  /raid/home/akumar17/thesis/ml410_mb2/edk/drivers/fsl_switch_intf_v1_00_a/src
  makefile       : Makefile
  header         : fsl_switch_intf.h
  source         : fsl_switch_intf.c

  - Driver interface -
  - user needs to add these to repositories path in SDK (Xilinx
Tools-->Repositories)
  /raid/home/akumar17/thesis/ml410_mb2/edk/drivers/fsl_switch_intf_v1_00_a/data
  mdd            : fsl_switch_intf_v2_1_0.mdd
  tcl            : fsl_switch_intf_v2_1_0.tcl


