Release 14.5 - platgen Xilinx EDK 14.5 Build EDK_P.58f
 (lin64)
Copyright (c) 1995-2012 Xilinx, Inc.  All rights reserved.

Command Line: platgen -p xc4vfx60ff1152-11 -lang vhdl -intstyle default -msg
__xps/ise/xmsgprops.lst system.mhs 

WARNING:EDK - INFO:Security:51 - The XILINXD_LICENSE_FILE environment variable
   is not set.
   INFO:Security:52 - The LM_LICENSE_FILE environment variable is set to
   '1717@rsass-homer.uncc.edu:1742@rsass-homer.uncc.edu:2100@ls-me5.uncc.edu:171
   7@rsass-homer.uncc.edu'.
   INFO:Security:71 - If a license for part 'xc4vfx60' is available, it will be
   possible to use 'XPS_TDP' instead of 'XPS'.
   WARNING:Security:43 - No license file was found in the standard Xilinx
   license directory.
   WARNING:Security:44 - Since no license file was found,
          please run the Xilinx License Configuration Manager
          (xlcm or "Manage Xilinx Licenses")
          to assist in obtaining a license.
   WARNING:Security:42 - Your software subscription period has lapsed. Your
   current version of Xilinx tools will continue to function, but you no longer
   qualify for Xilinx software updates or new releases.


Parse /raid/home/akumar17/thesis/sdn_switch/edk/system.mhs ...

Read MPD definitions ...

Overriding IP level properties ...
INFO:EDK:4130 - IPNAME: mpmc, INSTANCE:DDR2_SDRAM - tcl is overriding PARAMETER
   C_BASEFAMILY value to virtex4 -
   /raid/opt.x86_64/xilinx/14.5/ISE_DS/EDK/hw/XilinxProcessorIPLib/pcores/mpmc_v
   6_06_a/data/mpmc_v2_1_0.mpd line 155 
INFO:EDK:4130 - IPNAME: mpmc, INSTANCE:DDR2_SDRAM - tcl is overriding PARAMETER
   C_IODELAY_GRP value to DDR2_SDRAM -
   /raid/opt.x86_64/xilinx/14.5/ISE_DS/EDK/hw/XilinxProcessorIPLib/pcores/mpmc_v
   6_06_a/data/mpmc_v2_1_0.mpd line 182 
INFO:EDK:4130 - IPNAME: mpmc, INSTANCE:DDR2_SDRAM - tcl is overriding PARAMETER
   C_USE_MIG_V4_PHY value to 1 -
   /raid/opt.x86_64/xilinx/14.5/ISE_DS/EDK/hw/XilinxProcessorIPLib/pcores/mpmc_v
   6_06_a/data/mpmc_v2_1_0.mpd line 216 
INFO:EDK:4130 - IPNAME: mpmc, INSTANCE:DDR2_SDRAM - tcl is overriding PARAMETER
   C_MEM_PART_DATA_DEPTH value to 64 -
   /raid/opt.x86_64/xilinx/14.5/ISE_DS/EDK/hw/XilinxProcessorIPLib/pcores/mpmc_v
   6_06_a/data/mpmc_v2_1_0.mpd line 266 
INFO:EDK:4130 - IPNAME: mpmc, INSTANCE:DDR2_SDRAM - tcl is overriding PARAMETER
   C_MEM_PART_NUM_ROW_BITS value to 14 -
   /raid/opt.x86_64/xilinx/14.5/ISE_DS/EDK/hw/XilinxProcessorIPLib/pcores/mpmc_v
   6_06_a/data/mpmc_v2_1_0.mpd line 269 
INFO:EDK:4130 - IPNAME: mpmc, INSTANCE:DDR2_SDRAM - tcl is overriding PARAMETER
   C_MEM_PART_NUM_COL_BITS value to 10 -
   /raid/opt.x86_64/xilinx/14.5/ISE_DS/EDK/hw/XilinxProcessorIPLib/pcores/mpmc_v
   6_06_a/data/mpmc_v2_1_0.mpd line 270 
INFO:EDK:4130 - IPNAME: mpmc, INSTANCE:DDR2_SDRAM - tcl is overriding PARAMETER
   C_MEM_PART_TRAS value to 40000 -
   /raid/opt.x86_64/xilinx/14.5/ISE_DS/EDK/hw/XilinxProcessorIPLib/pcores/mpmc_v
   6_06_a/data/mpmc_v2_1_0.mpd line 271 
INFO:EDK:4130 - IPNAME: mpmc, INSTANCE:DDR2_SDRAM - tcl is overriding PARAMETER
   C_MEM_PART_TRASMAX value to 70000000 -
   /raid/opt.x86_64/xilinx/14.5/ISE_DS/EDK/hw/XilinxProcessorIPLib/pcores/mpmc_v
   6_06_a/data/mpmc_v2_1_0.mpd line 272 
INFO:EDK:4130 - IPNAME: mpmc, INSTANCE:DDR2_SDRAM - tcl is overriding PARAMETER
   C_MEM_PART_TRC value to 55000 -
   /raid/opt.x86_64/xilinx/14.5/ISE_DS/EDK/hw/XilinxProcessorIPLib/pcores/mpmc_v
   6_06_a/data/mpmc_v2_1_0.mpd line 273 
INFO:EDK:4130 - IPNAME: mpmc, INSTANCE:DDR2_SDRAM - tcl is overriding PARAMETER
   C_MEM_PART_TRCD value to 15000 -
   /raid/opt.x86_64/xilinx/14.5/ISE_DS/EDK/hw/XilinxProcessorIPLib/pcores/mpmc_v
   6_06_a/data/mpmc_v2_1_0.mpd line 274 
INFO:EDK:4130 - IPNAME: mpmc, INSTANCE:DDR2_SDRAM - tcl is overriding PARAMETER
   C_MEM_PART_TWR value to 15000 -
   /raid/opt.x86_64/xilinx/14.5/ISE_DS/EDK/hw/XilinxProcessorIPLib/pcores/mpmc_v
   6_06_a/data/mpmc_v2_1_0.mpd line 276 
INFO:EDK:4130 - IPNAME: mpmc, INSTANCE:DDR2_SDRAM - tcl is overriding PARAMETER
   C_MEM_PART_TRP value to 15000 -
   /raid/opt.x86_64/xilinx/14.5/ISE_DS/EDK/hw/XilinxProcessorIPLib/pcores/mpmc_v
   6_06_a/data/mpmc_v2_1_0.mpd line 277 
INFO:EDK:4130 - IPNAME: mpmc, INSTANCE:DDR2_SDRAM - tcl is overriding PARAMETER
   C_MEM_PART_TMRD value to 2 -
   /raid/opt.x86_64/xilinx/14.5/ISE_DS/EDK/hw/XilinxProcessorIPLib/pcores/mpmc_v
   6_06_a/data/mpmc_v2_1_0.mpd line 278 
INFO:EDK:4130 - IPNAME: mpmc, INSTANCE:DDR2_SDRAM - tcl is overriding PARAMETER
   C_MEM_PART_TRRD value to 7500 -
   /raid/opt.x86_64/xilinx/14.5/ISE_DS/EDK/hw/XilinxProcessorIPLib/pcores/mpmc_v
   6_06_a/data/mpmc_v2_1_0.mpd line 279 
INFO:EDK:4130 - IPNAME: mpmc, INSTANCE:DDR2_SDRAM - tcl is overriding PARAMETER
   C_MEM_PART_TRFC value to 105000 -
   /raid/opt.x86_64/xilinx/14.5/ISE_DS/EDK/hw/XilinxProcessorIPLib/pcores/mpmc_v
   6_06_a/data/mpmc_v2_1_0.mpd line 280 
INFO:EDK:4130 - IPNAME: mpmc, INSTANCE:DDR2_SDRAM - tcl is overriding PARAMETER
   C_MEM_PART_TREFI value to 7800000 -
   /raid/opt.x86_64/xilinx/14.5/ISE_DS/EDK/hw/XilinxProcessorIPLib/pcores/mpmc_v
   6_06_a/data/mpmc_v2_1_0.mpd line 281 
INFO:EDK:4130 - IPNAME: mpmc, INSTANCE:DDR2_SDRAM - tcl is overriding PARAMETER
   C_MEM_PART_TCCD value to 2 -
   /raid/opt.x86_64/xilinx/14.5/ISE_DS/EDK/hw/XilinxProcessorIPLib/pcores/mpmc_v
   6_06_a/data/mpmc_v2_1_0.mpd line 283 
INFO:EDK:4130 - IPNAME: mpmc, INSTANCE:DDR2_SDRAM - tcl is overriding PARAMETER
   C_MEM_PART_TWTR value to 10000 -
   /raid/opt.x86_64/xilinx/14.5/ISE_DS/EDK/hw/XilinxProcessorIPLib/pcores/mpmc_v
   6_06_a/data/mpmc_v2_1_0.mpd line 284 
INFO:EDK:4130 - IPNAME: mpmc, INSTANCE:DDR2_SDRAM - tcl is overriding PARAMETER
   C_MEM_PART_CAS_A_FMAX value to 200 -
   /raid/opt.x86_64/xilinx/14.5/ISE_DS/EDK/hw/XilinxProcessorIPLib/pcores/mpmc_v
   6_06_a/data/mpmc_v2_1_0.mpd line 290 
INFO:EDK:4130 - IPNAME: mpmc, INSTANCE:DDR2_SDRAM - tcl is overriding PARAMETER
   C_MEM_PART_CAS_A value to 3 -
   /raid/opt.x86_64/xilinx/14.5/ISE_DS/EDK/hw/XilinxProcessorIPLib/pcores/mpmc_v
   6_06_a/data/mpmc_v2_1_0.mpd line 291 
INFO:EDK:4130 - IPNAME: mpmc, INSTANCE:DDR2_SDRAM - tcl is overriding PARAMETER
   C_MEM_PART_CAS_B_FMAX value to 200 -
   /raid/opt.x86_64/xilinx/14.5/ISE_DS/EDK/hw/XilinxProcessorIPLib/pcores/mpmc_v
   6_06_a/data/mpmc_v2_1_0.mpd line 292 
INFO:EDK:4130 - IPNAME: mpmc, INSTANCE:DDR2_SDRAM - tcl is overriding PARAMETER
   C_MEM_PART_CAS_B value to 4 -
   /raid/opt.x86_64/xilinx/14.5/ISE_DS/EDK/hw/XilinxProcessorIPLib/pcores/mpmc_v
   6_06_a/data/mpmc_v2_1_0.mpd line 293 
INFO:EDK:4130 - IPNAME: mpmc, INSTANCE:DDR2_SDRAM - tcl is overriding PARAMETER
   C_MEM_PART_CAS_C_FMAX value to 200 -
   /raid/opt.x86_64/xilinx/14.5/ISE_DS/EDK/hw/XilinxProcessorIPLib/pcores/mpmc_v
   6_06_a/data/mpmc_v2_1_0.mpd line 294 
INFO:EDK:4130 - IPNAME: mpmc, INSTANCE:DDR2_SDRAM - tcl is overriding PARAMETER
   C_MEM_PART_CAS_C value to 5 -
   /raid/opt.x86_64/xilinx/14.5/ISE_DS/EDK/hw/XilinxProcessorIPLib/pcores/mpmc_v
   6_06_a/data/mpmc_v2_1_0.mpd line 295 
INFO:EDK:4130 - IPNAME: mpmc, INSTANCE:DDR2_SDRAM - tcl is overriding PARAMETER
   C_MEM_REG_DIMM value to 1 -
   /raid/opt.x86_64/xilinx/14.5/ISE_DS/EDK/hw/XilinxProcessorIPLib/pcores/mpmc_v
   6_06_a/data/mpmc_v2_1_0.mpd line 303 
INFO:EDK:4130 - IPNAME: mpmc, INSTANCE:DDR2_SDRAM - tcl is overriding PARAMETER
   C_MEM_ADDR_WIDTH value to 14 -
   /raid/opt.x86_64/xilinx/14.5/ISE_DS/EDK/hw/XilinxProcessorIPLib/pcores/mpmc_v
   6_06_a/data/mpmc_v2_1_0.mpd line 308 

Computing clock values...
INFO:EDK:740 - Cannot determine the input clock associated with port :
   ilmb_cntlr:BRAM_Clk_A. Clock DRCs will not be performed on this core and
   cores connected to it. 
INFO:EDK:740 - Cannot determine the input clock associated with port :
   dlmb_cntlr:BRAM_Clk_A. Clock DRCs will not be performed on this core and
   cores connected to it. 
INFO:EDK:1039 - Did not update the value for parameter:
   fsl_v20_0:C_READ_CLOCK_PERIOD. Top-level frequency could not be propagated to
   this IP. Please make sure that you have specified the frequency of the
   top-level clock port, and that the clocks are properly connected.

Performing IP level DRCs on properties...

Running DRC Tcl procedures for OPTION IPLEVEL_DRC_PROC...
Address Map for Processor ppc405_0
  (0b0100000000-0b0111111111) ppc405_0	
  (0x81800000-0x8180ffff) xps_intc_1	plb
  (0x81820000-0x8182ffff) xps_intc_0	plb
  (0x84000000-0x8400ffff) RS232_Uart_1	plb
  (0x84400000-0x8440ffff) mdm_0	plb
  (0xa0000000-0xbfffffff) DDR2_SDRAM	ppc405_0_dplb1
  (0xa0000000-0xbfffffff) DDR2_SDRAM	ppc405_0_iplb1
  (0xcfe00000-0xcfe0ffff) sdn_ctlr_intf_0	plb
  (0xffffe000-0xffffffff) xps_bram_if_cntlr_1	plb
Address Map for Processor microblaze_0
  (0000000000-0x00007fff) dlmb_cntlr	dlmb
  (0000000000-0x00007fff) ilmb_cntlr	ilmb
  (0x81800000-0x8180ffff) xps_intc_1	plb
  (0x81820000-0x8182ffff) xps_intc_0	plb
  (0x84000000-0x8400ffff) RS232_Uart_1	plb
  (0x84400000-0x8440ffff) mdm_0	plb
  (0xa0000000-0xbfffffff) DDR2_SDRAM	plb
  (0xcfe00000-0xcfe0ffff) sdn_ctlr_intf_0	plb
  (0xffffe000-0xffffffff) xps_bram_if_cntlr_1	plb
INFO:EDK:4130 - IPNAME: ppc405_virtex4, INSTANCE:ppc405_0 - tool is overriding
   PARAMETER C_DPLB0_P2P value to 0 -
   /raid/opt.x86_64/xilinx/14.5/ISE_DS/EDK/hw/XilinxProcessorIPLib/pcores/ppc405
   _virtex4_v2_01_b/data/ppc405_virtex4_v2_1_0.mpd line 107 
INFO:EDK:4130 - IPNAME: ppc405_virtex4, INSTANCE:ppc405_0 - tool is overriding
   PARAMETER C_IPLB0_P2P value to 0 -
   /raid/opt.x86_64/xilinx/14.5/ISE_DS/EDK/hw/XilinxProcessorIPLib/pcores/ppc405
   _virtex4_v2_01_b/data/ppc405_virtex4_v2_1_0.mpd line 109 
INFO:EDK:4130 - IPNAME: mpmc, INSTANCE:DDR2_SDRAM - tool is overriding PARAMETER
   C_SPLB2_P2P value to 0 -
   /raid/opt.x86_64/xilinx/14.5/ISE_DS/EDK/hw/XilinxProcessorIPLib/pcores/mpmc_v
   6_06_a/data/mpmc_v2_1_0.mpd line 471 
INFO:EDK:4130 - IPNAME: plb_v46, INSTANCE:ppc405_0_iplb1 - tool is overriding
   PARAMETER C_P2P value to 1 -
   /raid/opt.x86_64/xilinx/14.5/ISE_DS/EDK/hw/XilinxProcessorIPLib/pcores/plb_v4
   6_v1_05_a/data/plb_v46_v2_1_0.mpd line 94 
INFO:EDK:4130 - IPNAME: plb_v46, INSTANCE:ppc405_0_dplb1 - tool is overriding
   PARAMETER C_P2P value to 1 -
   /raid/opt.x86_64/xilinx/14.5/ISE_DS/EDK/hw/XilinxProcessorIPLib/pcores/plb_v4
   6_v1_05_a/data/plb_v46_v2_1_0.mpd line 94 
INFO:EDK:4130 - IPNAME: microblaze, INSTANCE:microblaze_0 - tool is overriding
   PARAMETER C_DPLB_DWIDTH value to 64 -
   /raid/opt.x86_64/xilinx/14.5/ISE_DS/EDK/hw/XilinxProcessorIPLib/pcores/microb
   laze_v8_50_a/data/microblaze_v2_1_0.mpd line 204 
INFO:EDK:4130 - IPNAME: microblaze, INSTANCE:microblaze_0 - tool is overriding
   PARAMETER C_IPLB_DWIDTH value to 64 -
   /raid/opt.x86_64/xilinx/14.5/ISE_DS/EDK/hw/XilinxProcessorIPLib/pcores/microb
   laze_v8_50_a/data/microblaze_v2_1_0.mpd line 208 
INFO:EDK:4130 - IPNAME: lmb_v10, INSTANCE:ilmb - tool is overriding PARAMETER
   C_LMB_NUM_SLAVES value to 1 -
   /raid/opt.x86_64/xilinx/14.5/ISE_DS/EDK/hw/XilinxProcessorIPLib/pcores/lmb_v1
   0_v2_00_b/data/lmb_v10_v2_1_0.mpd line 82 
INFO:EDK:4130 - IPNAME: lmb_v10, INSTANCE:dlmb - tool is overriding PARAMETER
   C_LMB_NUM_SLAVES value to 1 -
   /raid/opt.x86_64/xilinx/14.5/ISE_DS/EDK/hw/XilinxProcessorIPLib/pcores/lmb_v1
   0_v2_00_b/data/lmb_v10_v2_1_0.mpd line 82 
INFO:EDK:4130 - IPNAME: bram_block, INSTANCE:lmb_bram - tool is overriding
   PARAMETER C_MEMSIZE value to 0x8000 -
   /raid/opt.x86_64/xilinx/14.5/ISE_DS/EDK/hw/XilinxProcessorIPLib/pcores/bram_b
   lock_v1_00_a/data/bram_block_v2_1_0.mpd line 78 
INFO:EDK:4130 - IPNAME: mdm, INSTANCE:mdm_0 - tool is overriding PARAMETER
   C_SPLB_DWIDTH value to 64 -
   /raid/opt.x86_64/xilinx/14.5/ISE_DS/EDK/hw/XilinxProcessorIPLib/pcores/mdm_v2
   _10_a/data/mdm_v2_1_0.mpd line 116 
INFO:EDK:4130 - IPNAME: mdm, INSTANCE:mdm_0 - tool is overriding PARAMETER
   C_SPLB_MID_WIDTH value to 2 -
   /raid/opt.x86_64/xilinx/14.5/ISE_DS/EDK/hw/XilinxProcessorIPLib/pcores/mdm_v2
   _10_a/data/mdm_v2_1_0.mpd line 118 
INFO:EDK:4130 - IPNAME: mdm, INSTANCE:mdm_0 - tool is overriding PARAMETER
   C_SPLB_NUM_MASTERS value to 4 -
   /raid/opt.x86_64/xilinx/14.5/ISE_DS/EDK/hw/XilinxProcessorIPLib/pcores/mdm_v2
   _10_a/data/mdm_v2_1_0.mpd line 119 
INFO:EDK:4130 - IPNAME: plb_v46, INSTANCE:plb - tool is overriding PARAMETER
   C_PLBV46_NUM_SLAVES value to 7 -
   /raid/opt.x86_64/xilinx/14.5/ISE_DS/EDK/hw/XilinxProcessorIPLib/pcores/plb_v4
   6_v1_05_a/data/plb_v46_v2_1_0.mpd line 80 
INFO:EDK:4130 - IPNAME: xps_bram_if_cntlr, INSTANCE:xps_bram_if_cntlr_1 - tool
   is overriding PARAMETER C_SPLB_DWIDTH value to 64 -
   /raid/opt.x86_64/xilinx/14.5/ISE_DS/EDK/hw/XilinxProcessorIPLib/pcores/xps_br
   am_if_cntlr_v1_00_b/data/xps_bram_if_cntlr_v2_1_0.mpd line 83 
INFO:EDK:4130 - IPNAME: xps_bram_if_cntlr, INSTANCE:xps_bram_if_cntlr_1 - tool
   is overriding PARAMETER C_SPLB_NUM_MASTERS value to 4 -
   /raid/opt.x86_64/xilinx/14.5/ISE_DS/EDK/hw/XilinxProcessorIPLib/pcores/xps_br
   am_if_cntlr_v1_00_b/data/xps_bram_if_cntlr_v2_1_0.mpd line 84 
INFO:EDK:4130 - IPNAME: xps_bram_if_cntlr, INSTANCE:xps_bram_if_cntlr_1 - tool
   is overriding PARAMETER C_SPLB_MID_WIDTH value to 2 -
   /raid/opt.x86_64/xilinx/14.5/ISE_DS/EDK/hw/XilinxProcessorIPLib/pcores/xps_br
   am_if_cntlr_v1_00_b/data/xps_bram_if_cntlr_v2_1_0.mpd line 85 
INFO:EDK:4130 - IPNAME: bram_block, INSTANCE:plb_bram_if_cntlr_1_bram - tool is
   overriding PARAMETER C_MEMSIZE value to 0x2000 -
   /raid/opt.x86_64/xilinx/14.5/ISE_DS/EDK/hw/XilinxProcessorIPLib/pcores/bram_b
   lock_v1_00_a/data/bram_block_v2_1_0.mpd line 78 
INFO:EDK:4130 - IPNAME: bram_block, INSTANCE:plb_bram_if_cntlr_1_bram - tool is
   overriding PARAMETER C_PORT_DWIDTH value to 64 -
   /raid/opt.x86_64/xilinx/14.5/ISE_DS/EDK/hw/XilinxProcessorIPLib/pcores/bram_b
   lock_v1_00_a/data/bram_block_v2_1_0.mpd line 79 
INFO:EDK:4130 - IPNAME: bram_block, INSTANCE:plb_bram_if_cntlr_1_bram - tool is
   overriding PARAMETER C_NUM_WE value to 8 -
   /raid/opt.x86_64/xilinx/14.5/ISE_DS/EDK/hw/XilinxProcessorIPLib/pcores/bram_b
   lock_v1_00_a/data/bram_block_v2_1_0.mpd line 81 
INFO:EDK:4130 - IPNAME: xps_uartlite, INSTANCE:RS232_Uart_1 - tool is overriding
   PARAMETER C_SPLB_DWIDTH value to 64 -
   /raid/opt.x86_64/xilinx/14.5/ISE_DS/EDK/hw/XilinxProcessorIPLib/pcores/xps_ua
   rtlite_v1_02_a/data/xps_uartlite_v2_1_0.mpd line 81 
INFO:EDK:4130 - IPNAME: xps_uartlite, INSTANCE:RS232_Uart_1 - tool is overriding
   PARAMETER C_SPLB_MID_WIDTH value to 2 -
   /raid/opt.x86_64/xilinx/14.5/ISE_DS/EDK/hw/XilinxProcessorIPLib/pcores/xps_ua
   rtlite_v1_02_a/data/xps_uartlite_v2_1_0.mpd line 83 
INFO:EDK:4130 - IPNAME: xps_uartlite, INSTANCE:RS232_Uart_1 - tool is overriding
   PARAMETER C_SPLB_NUM_MASTERS value to 4 -
   /raid/opt.x86_64/xilinx/14.5/ISE_DS/EDK/hw/XilinxProcessorIPLib/pcores/xps_ua
   rtlite_v1_02_a/data/xps_uartlite_v2_1_0.mpd line 84 
INFO:EDK:4130 - IPNAME: mpmc, INSTANCE:DDR2_SDRAM - tool is overriding PARAMETER
   C_SPLB0_SMALLEST_MASTER value to 64 -
   /raid/opt.x86_64/xilinx/14.5/ISE_DS/EDK/hw/XilinxProcessorIPLib/pcores/mpmc_v
   6_06_a/data/mpmc_v2_1_0.mpd line 371 
INFO:EDK:4130 - IPNAME: mpmc, INSTANCE:DDR2_SDRAM - tool is overriding PARAMETER
   C_SPLB1_SMALLEST_MASTER value to 64 -
   /raid/opt.x86_64/xilinx/14.5/ISE_DS/EDK/hw/XilinxProcessorIPLib/pcores/mpmc_v
   6_06_a/data/mpmc_v2_1_0.mpd line 422 
INFO:EDK:4130 - IPNAME: mpmc, INSTANCE:DDR2_SDRAM - tool is overriding PARAMETER
   C_SPLB2_NUM_MASTERS value to 4 -
   /raid/opt.x86_64/xilinx/14.5/ISE_DS/EDK/hw/XilinxProcessorIPLib/pcores/mpmc_v
   6_06_a/data/mpmc_v2_1_0.mpd line 469 
INFO:EDK:4130 - IPNAME: mpmc, INSTANCE:DDR2_SDRAM - tool is overriding PARAMETER
   C_SPLB2_MID_WIDTH value to 2 -
   /raid/opt.x86_64/xilinx/14.5/ISE_DS/EDK/hw/XilinxProcessorIPLib/pcores/mpmc_v
   6_06_a/data/mpmc_v2_1_0.mpd line 470 
INFO:EDK:4130 - IPNAME: plb_v46, INSTANCE:ppc405_0_iplb1 - tool is overriding
   PARAMETER C_PLBV46_NUM_MASTERS value to 1 -
   /raid/opt.x86_64/xilinx/14.5/ISE_DS/EDK/hw/XilinxProcessorIPLib/pcores/plb_v4
   6_v1_05_a/data/plb_v46_v2_1_0.mpd line 79 
INFO:EDK:4130 - IPNAME: plb_v46, INSTANCE:ppc405_0_iplb1 - tool is overriding
   PARAMETER C_PLBV46_NUM_SLAVES value to 1 -
   /raid/opt.x86_64/xilinx/14.5/ISE_DS/EDK/hw/XilinxProcessorIPLib/pcores/plb_v4
   6_v1_05_a/data/plb_v46_v2_1_0.mpd line 80 
INFO:EDK:4130 - IPNAME: plb_v46, INSTANCE:ppc405_0_iplb1 - tool is overriding
   PARAMETER C_PLBV46_MID_WIDTH value to 1 -
   /raid/opt.x86_64/xilinx/14.5/ISE_DS/EDK/hw/XilinxProcessorIPLib/pcores/plb_v4
   6_v1_05_a/data/plb_v46_v2_1_0.mpd line 81 
INFO:EDK:4130 - IPNAME: plb_v46, INSTANCE:ppc405_0_dplb1 - tool is overriding
   PARAMETER C_PLBV46_NUM_MASTERS value to 1 -
   /raid/opt.x86_64/xilinx/14.5/ISE_DS/EDK/hw/XilinxProcessorIPLib/pcores/plb_v4
   6_v1_05_a/data/plb_v46_v2_1_0.mpd line 79 
INFO:EDK:4130 - IPNAME: plb_v46, INSTANCE:ppc405_0_dplb1 - tool is overriding
   PARAMETER C_PLBV46_NUM_SLAVES value to 1 -
   /raid/opt.x86_64/xilinx/14.5/ISE_DS/EDK/hw/XilinxProcessorIPLib/pcores/plb_v4
   6_v1_05_a/data/plb_v46_v2_1_0.mpd line 80 
INFO:EDK:4130 - IPNAME: plb_v46, INSTANCE:ppc405_0_dplb1 - tool is overriding
   PARAMETER C_PLBV46_MID_WIDTH value to 1 -
   /raid/opt.x86_64/xilinx/14.5/ISE_DS/EDK/hw/XilinxProcessorIPLib/pcores/plb_v4
   6_v1_05_a/data/plb_v46_v2_1_0.mpd line 81 
INFO:EDK:4130 - IPNAME: xps_intc, INSTANCE:xps_intc_0 - tool is overriding
   PARAMETER C_SPLB_DWIDTH value to 64 -
   /raid/opt.x86_64/xilinx/14.5/ISE_DS/EDK/hw/XilinxProcessorIPLib/pcores/xps_in
   tc_v2_01_a/data/xps_intc_v2_1_0.mpd line 81 
INFO:EDK:4130 - IPNAME: xps_intc, INSTANCE:xps_intc_0 - tool is overriding
   PARAMETER C_SPLB_NUM_MASTERS value to 4 -
   /raid/opt.x86_64/xilinx/14.5/ISE_DS/EDK/hw/XilinxProcessorIPLib/pcores/xps_in
   tc_v2_01_a/data/xps_intc_v2_1_0.mpd line 83 
INFO:EDK:4130 - IPNAME: xps_intc, INSTANCE:xps_intc_0 - tool is overriding
   PARAMETER C_SPLB_MID_WIDTH value to 2 -
   /raid/opt.x86_64/xilinx/14.5/ISE_DS/EDK/hw/XilinxProcessorIPLib/pcores/xps_in
   tc_v2_01_a/data/xps_intc_v2_1_0.mpd line 84 
INFO:EDK:4130 - IPNAME: xps_intc, INSTANCE:xps_intc_1 - tool is overriding
   PARAMETER C_SPLB_DWIDTH value to 64 -
   /raid/opt.x86_64/xilinx/14.5/ISE_DS/EDK/hw/XilinxProcessorIPLib/pcores/xps_in
   tc_v2_01_a/data/xps_intc_v2_1_0.mpd line 81 
INFO:EDK:4130 - IPNAME: xps_intc, INSTANCE:xps_intc_1 - tool is overriding
   PARAMETER C_SPLB_NUM_MASTERS value to 4 -
   /raid/opt.x86_64/xilinx/14.5/ISE_DS/EDK/hw/XilinxProcessorIPLib/pcores/xps_in
   tc_v2_01_a/data/xps_intc_v2_1_0.mpd line 83 
INFO:EDK:4130 - IPNAME: xps_intc, INSTANCE:xps_intc_1 - tool is overriding
   PARAMETER C_SPLB_MID_WIDTH value to 2 -
   /raid/opt.x86_64/xilinx/14.5/ISE_DS/EDK/hw/XilinxProcessorIPLib/pcores/xps_in
   tc_v2_01_a/data/xps_intc_v2_1_0.mpd line 84 
INFO:EDK:4130 - IPNAME: sdn_ctlr_intf, INSTANCE:sdn_ctlr_intf_0 - tool is
   overriding PARAMETER C_SPLB_DWIDTH value to 64 -
   /raid/home/akumar17/thesis/sdn_switch/edk/pcores/sdn_ctlr_intf_v1_00_a/data/s
   dn_ctlr_intf_v2_1_0.mpd line 25 
INFO:EDK:4130 - IPNAME: sdn_ctlr_intf, INSTANCE:sdn_ctlr_intf_0 - tool is
   overriding PARAMETER C_SPLB_NUM_MASTERS value to 4 -
   /raid/home/akumar17/thesis/sdn_switch/edk/pcores/sdn_ctlr_intf_v1_00_a/data/s
   dn_ctlr_intf_v2_1_0.mpd line 26 
INFO:EDK:4130 - IPNAME: sdn_ctlr_intf, INSTANCE:sdn_ctlr_intf_0 - tool is
   overriding PARAMETER C_SPLB_MID_WIDTH value to 2 -
   /raid/home/akumar17/thesis/sdn_switch/edk/pcores/sdn_ctlr_intf_v1_00_a/data/s
   dn_ctlr_intf_v2_1_0.mpd line 27 

Checking platform address map ...

Checking platform configuration ...
IPNAME: lmb_v10, INSTANCE: ilmb - 1 master(s) : 1 slave(s) 
IPNAME: lmb_v10, INSTANCE: dlmb - 1 master(s) : 1 slave(s) 
IPNAME: plb_v46, INSTANCE: plb - 4 master(s) : 7 slave(s) 
IPNAME: plb_v46, INSTANCE: ppc405_0_iplb1 - 1 master(s) : 1 slave(s) 
IPNAME: plb_v46, INSTANCE: ppc405_0_dplb1 - 1 master(s) : 1 slave(s) 
IPNAME: fsl_v20, INSTANCE: fsl_v20_0 - 1 master(s) : 1 slave(s) 

Checking port drivers...
WARNING:EDK:4180 - PORT: FSL_S_Clk, CONNECTOR: fsl_v20_0_FSL_S_Clk - No driver
   found. Port will be driven to GND -
   /raid/home/akumar17/thesis/sdn_switch/edk/pcores/fsl_switch_intf_v1_00_a/data
   /fsl_switch_intf_v2_1_0.mpd line 27 
WARNING:EDK:4180 - PORT: tdi_in, CONNECTOR: bscan_tdi - No driver found. Port
   will be driven to GND -
   /raid/opt.x86_64/xilinx/14.5/ISE_DS/EDK/hw/XilinxProcessorIPLib/pcores/chipsc
   ope_icon_v1_06_a/data/chipscope_icon_v2_1_0.mpd line 101 
WARNING:EDK:4180 - PORT: reset_in, CONNECTOR: bscan_reset - No driver found.
   Port will be driven to GND -
   /raid/opt.x86_64/xilinx/14.5/ISE_DS/EDK/hw/XilinxProcessorIPLib/pcores/chipsc
   ope_icon_v1_06_a/data/chipscope_icon_v2_1_0.mpd line 102 
WARNING:EDK:4180 - PORT: shift_in, CONNECTOR: bscan_shift - No driver found.
   Port will be driven to GND -
   /raid/opt.x86_64/xilinx/14.5/ISE_DS/EDK/hw/XilinxProcessorIPLib/pcores/chipsc
   ope_icon_v1_06_a/data/chipscope_icon_v2_1_0.mpd line 103 
WARNING:EDK:4180 - PORT: update_in, CONNECTOR: bscan_update - No driver found.
   Port will be driven to GND -
   /raid/opt.x86_64/xilinx/14.5/ISE_DS/EDK/hw/XilinxProcessorIPLib/pcores/chipsc
   ope_icon_v1_06_a/data/chipscope_icon_v2_1_0.mpd line 104 
WARNING:EDK:4180 - PORT: sel_in, CONNECTOR: bscan_sel1 - No driver found. Port
   will be driven to GND -
   /raid/opt.x86_64/xilinx/14.5/ISE_DS/EDK/hw/XilinxProcessorIPLib/pcores/chipsc
   ope_icon_v1_06_a/data/chipscope_icon_v2_1_0.mpd line 105 
WARNING:EDK:4180 - PORT: drck_in, CONNECTOR: bscan_drck1 - No driver found. Port
   will be driven to GND -
   /raid/opt.x86_64/xilinx/14.5/ISE_DS/EDK/hw/XilinxProcessorIPLib/pcores/chipsc
   ope_icon_v1_06_a/data/chipscope_icon_v2_1_0.mpd line 106 
WARNING:EDK:4180 - PORT: capture_in, CONNECTOR: bscan_capture - No driver found.
   Port will be driven to GND -
   /raid/opt.x86_64/xilinx/14.5/ISE_DS/EDK/hw/XilinxProcessorIPLib/pcores/chipsc
   ope_icon_v1_06_a/data/chipscope_icon_v2_1_0.mpd line 107 
WARNING:EDK:4181 - PORT: Debug_SYS_Rst, CONNECTOR: Debug_SYS_Rst - floating
   connection - /raid/home/akumar17/thesis/sdn_switch/edk/system.mhs line 122 
WARNING:EDK:4181 - PORT: tdo_out, CONNECTOR: bscan_tdo1 - floating connection -
   /raid/opt.x86_64/xilinx/14.5/ISE_DS/EDK/hw/XilinxProcessorIPLib/pcores/chipsc
   ope_icon_v1_06_a/data/chipscope_icon_v2_1_0.mpd line 108 

Performing Clock DRCs...
INFO:EDK:4060 - INSTANCE: fsl_v20_0, PARAMETER: C_READ_CLOCK_PERIOD - Did not
   implement clock DRCs for the parameter. Top-level frequency could not be
   propagated to this IP. Please make sure that you have specified the frequency
   of the top-level clock port, and that the clocks are properly connected.

Performing Reset DRCs...

Overriding system level properties...
INFO:EDK:4130 - IPNAME: ppc405_virtex4, INSTANCE:ppc405_0 - tcl is overriding
   PARAMETER C_DPLB1_ADDR_BASE value to 0xa0000000 -
   /raid/opt.x86_64/xilinx/14.5/ISE_DS/EDK/hw/XilinxProcessorIPLib/pcores/ppc405
   _virtex4_v2_01_b/data/ppc405_virtex4_v2_1_0.mpd line 101 
INFO:EDK:4130 - IPNAME: ppc405_virtex4, INSTANCE:ppc405_0 - tcl is overriding
   PARAMETER C_DPLB1_ADDR_HIGH value to 0xbfffffff -
   /raid/opt.x86_64/xilinx/14.5/ISE_DS/EDK/hw/XilinxProcessorIPLib/pcores/ppc405
   _virtex4_v2_01_b/data/ppc405_virtex4_v2_1_0.mpd line 102 
INFO:EDK:4130 - IPNAME: ppc405_virtex4, INSTANCE:ppc405_0 - tcl is overriding
   PARAMETER C_IPLB1_ADDR_BASE value to 0xa0000000 -
   /raid/opt.x86_64/xilinx/14.5/ISE_DS/EDK/hw/XilinxProcessorIPLib/pcores/ppc405
   _virtex4_v2_01_b/data/ppc405_virtex4_v2_1_0.mpd line 103 
INFO:EDK:4130 - IPNAME: ppc405_virtex4, INSTANCE:ppc405_0 - tcl is overriding
   PARAMETER C_IPLB1_ADDR_HIGH value to 0xbfffffff -
   /raid/opt.x86_64/xilinx/14.5/ISE_DS/EDK/hw/XilinxProcessorIPLib/pcores/ppc405
   _virtex4_v2_01_b/data/ppc405_virtex4_v2_1_0.mpd line 104 
WARNING:EDK:4083 - IPNAME: ppc405_virtex4, INSTANCE: ppc405_0 -  PARAMETER:
   C_FASTEST_PLB_CLOCK has value DPLB1 specified in MHS, but tcl is overriding
   the value to DPLB0 - /raid/home/akumar17/thesis/sdn_switch/edk/system.mhs
   line 44 
INFO:EDK:4130 - IPNAME: microblaze, INSTANCE:microblaze_0 - tcl is overriding
   PARAMETER C_D_PLB value to 1 -
   /raid/opt.x86_64/xilinx/14.5/ISE_DS/EDK/hw/XilinxProcessorIPLib/pcores/microb
   laze_v8_50_a/data/microblaze_v2_1_0.mpd line 233 
INFO:EDK:4130 - IPNAME: microblaze, INSTANCE:microblaze_0 - tcl is overriding
   PARAMETER C_I_PLB value to 1 -
   /raid/opt.x86_64/xilinx/14.5/ISE_DS/EDK/hw/XilinxProcessorIPLib/pcores/microb
   laze_v8_50_a/data/microblaze_v2_1_0.mpd line 236 
INFO:EDK:4130 - IPNAME: microblaze, INSTANCE:microblaze_0 - tcl is overriding
   PARAMETER C_ADDR_TAG_BITS value to 0 -
   /raid/opt.x86_64/xilinx/14.5/ISE_DS/EDK/hw/XilinxProcessorIPLib/pcores/microb
   laze_v8_50_a/data/microblaze_v2_1_0.mpd line 337 
INFO:EDK:4130 - IPNAME: microblaze, INSTANCE:microblaze_0 - tcl is overriding
   PARAMETER C_DCACHE_ADDR_TAG value to 0 -
   /raid/opt.x86_64/xilinx/14.5/ISE_DS/EDK/hw/XilinxProcessorIPLib/pcores/microb
   laze_v8_50_a/data/microblaze_v2_1_0.mpd line 367 
INFO:EDK:4130 - IPNAME: microblaze, INSTANCE:microblaze_0 - tcl is overriding
   PARAMETER C_USE_INTERRUPT value to 1 -
   /raid/opt.x86_64/xilinx/14.5/ISE_DS/EDK/hw/XilinxProcessorIPLib/pcores/microb
   laze_v8_50_a/data/microblaze_v2_1_0.mpd line 401 
INFO:EDK:4130 - IPNAME: microblaze, INSTANCE:microblaze_0 - tcl is overriding
   PARAMETER C_USE_EXT_BRK value to 1 -
   /raid/opt.x86_64/xilinx/14.5/ISE_DS/EDK/hw/XilinxProcessorIPLib/pcores/microb
   laze_v8_50_a/data/microblaze_v2_1_0.mpd line 402 
INFO:EDK:4130 - IPNAME: microblaze, INSTANCE:microblaze_0 - tcl is overriding
   PARAMETER C_USE_EXT_NM_BRK value to 1 -
   /raid/opt.x86_64/xilinx/14.5/ISE_DS/EDK/hw/XilinxProcessorIPLib/pcores/microb
   laze_v8_50_a/data/microblaze_v2_1_0.mpd line 403 
INFO:EDK:4130 - IPNAME: lmb_bram_if_cntlr, INSTANCE:dlmb_cntlr - tcl is
   overriding PARAMETER C_MASK value to 0x80000000 -
   /raid/opt.x86_64/xilinx/14.5/ISE_DS/EDK/hw/XilinxProcessorIPLib/pcores/lmb_br
   am_if_cntlr_v3_10_c/data/lmb_bram_if_cntlr_v2_1_0.mpd line 92 
INFO:EDK:4130 - IPNAME: lmb_bram_if_cntlr, INSTANCE:ilmb_cntlr - tcl is
   overriding PARAMETER C_MASK value to 0x80000000 -
   /raid/opt.x86_64/xilinx/14.5/ISE_DS/EDK/hw/XilinxProcessorIPLib/pcores/lmb_br
   am_if_cntlr_v3_10_c/data/lmb_bram_if_cntlr_v2_1_0.mpd line 92 
INFO:EDK:4130 - IPNAME: mpmc, INSTANCE:DDR2_SDRAM - tcl is overriding PARAMETER
   C_PIM0_SUBTYPE value to IPLB -
   /raid/opt.x86_64/xilinx/14.5/ISE_DS/EDK/hw/XilinxProcessorIPLib/pcores/mpmc_v
   6_06_a/data/mpmc_v2_1_0.mpd line 356 
INFO:EDK:4130 - IPNAME: mpmc, INSTANCE:DDR2_SDRAM - tcl is overriding PARAMETER
   C_PIM0_B_SUBTYPE value to IPLB -
   /raid/opt.x86_64/xilinx/14.5/ISE_DS/EDK/hw/XilinxProcessorIPLib/pcores/mpmc_v
   6_06_a/data/mpmc_v2_1_0.mpd line 361 
INFO:EDK:4130 - IPNAME: mpmc, INSTANCE:DDR2_SDRAM - tcl is overriding PARAMETER
   C_PIM1_SUBTYPE value to DPLB -
   /raid/opt.x86_64/xilinx/14.5/ISE_DS/EDK/hw/XilinxProcessorIPLib/pcores/mpmc_v
   6_06_a/data/mpmc_v2_1_0.mpd line 407 
INFO:EDK:4130 - IPNAME: mpmc, INSTANCE:DDR2_SDRAM - tcl is overriding PARAMETER
   C_PIM1_B_SUBTYPE value to DPLB -
   /raid/opt.x86_64/xilinx/14.5/ISE_DS/EDK/hw/XilinxProcessorIPLib/pcores/mpmc_v
   6_06_a/data/mpmc_v2_1_0.mpd line 412 
INFO:EDK:4130 - IPNAME: mpmc, INSTANCE:DDR2_SDRAM - tcl is overriding PARAMETER
   C_PIM2_SUBTYPE value to PLB -
   /raid/opt.x86_64/xilinx/14.5/ISE_DS/EDK/hw/XilinxProcessorIPLib/pcores/mpmc_v
   6_06_a/data/mpmc_v2_1_0.mpd line 458 
INFO:EDK:4130 - IPNAME: mpmc, INSTANCE:DDR2_SDRAM - tcl is overriding PARAMETER
   C_PIM2_B_SUBTYPE value to PLB -
   /raid/opt.x86_64/xilinx/14.5/ISE_DS/EDK/hw/XilinxProcessorIPLib/pcores/mpmc_v
   6_06_a/data/mpmc_v2_1_0.mpd line 463 
INFO:EDK:4130 - IPNAME: mpmc, INSTANCE:DDR2_SDRAM - tcl is overriding PARAMETER
   C_WR_TRAINING_PORT value to 1 -
   /raid/opt.x86_64/xilinx/14.5/ISE_DS/EDK/hw/XilinxProcessorIPLib/pcores/mpmc_v
   6_06_a/data/mpmc_v2_1_0.mpd line 759 
INFO:EDK:4130 - IPNAME: mpmc, INSTANCE:DDR2_SDRAM - tcl is overriding PARAMETER
   C_TWR value to 15000 -
   /raid/opt.x86_64/xilinx/14.5/ISE_DS/EDK/hw/XilinxProcessorIPLib/pcores/mpmc_v
   6_06_a/data/mpmc_v2_1_0.mpd line 769 
INFO:EDK:4130 - IPNAME: mpmc, INSTANCE:DDR2_SDRAM - tcl is overriding PARAMETER
   C_CTRL_IS_WRITE_INDEX value to 1 -
   /raid/opt.x86_64/xilinx/14.5/ISE_DS/EDK/hw/XilinxProcessorIPLib/pcores/mpmc_v
   6_06_a/data/mpmc_v2_1_0.mpd line 771 
INFO:EDK:4130 - IPNAME: mpmc, INSTANCE:DDR2_SDRAM - tcl is overriding PARAMETER
   C_CTRL_PHYIF_RAS_N_INDEX value to 2 -
   /raid/opt.x86_64/xilinx/14.5/ISE_DS/EDK/hw/XilinxProcessorIPLib/pcores/mpmc_v
   6_06_a/data/mpmc_v2_1_0.mpd line 772 
INFO:EDK:4130 - IPNAME: mpmc, INSTANCE:DDR2_SDRAM - tcl is overriding PARAMETER
   C_CTRL_PHYIF_CAS_N_INDEX value to 3 -
   /raid/opt.x86_64/xilinx/14.5/ISE_DS/EDK/hw/XilinxProcessorIPLib/pcores/mpmc_v
   6_06_a/data/mpmc_v2_1_0.mpd line 773 
INFO:EDK:4130 - IPNAME: mpmc, INSTANCE:DDR2_SDRAM - tcl is overriding PARAMETER
   C_CTRL_PHYIF_WE_N_INDEX value to 4 -
   /raid/opt.x86_64/xilinx/14.5/ISE_DS/EDK/hw/XilinxProcessorIPLib/pcores/mpmc_v
   6_06_a/data/mpmc_v2_1_0.mpd line 774 
INFO:EDK:4130 - IPNAME: mpmc, INSTANCE:DDR2_SDRAM - tcl is overriding PARAMETER
   C_CTRL_RMW_INDEX value to 6 -
   /raid/opt.x86_64/xilinx/14.5/ISE_DS/EDK/hw/XilinxProcessorIPLib/pcores/mpmc_v
   6_06_a/data/mpmc_v2_1_0.mpd line 775 
INFO:EDK:4130 - IPNAME: mpmc, INSTANCE:DDR2_SDRAM - tcl is overriding PARAMETER
   C_CTRL_SKIP_0_INDEX value to 7 -
   /raid/opt.x86_64/xilinx/14.5/ISE_DS/EDK/hw/XilinxProcessorIPLib/pcores/mpmc_v
   6_06_a/data/mpmc_v2_1_0.mpd line 776 
INFO:EDK:4130 - IPNAME: mpmc, INSTANCE:DDR2_SDRAM - tcl is overriding PARAMETER
   C_CTRL_PHYIF_DQS_O_INDEX value to 8 -
   /raid/opt.x86_64/xilinx/14.5/ISE_DS/EDK/hw/XilinxProcessorIPLib/pcores/mpmc_v
   6_06_a/data/mpmc_v2_1_0.mpd line 777 
INFO:EDK:4130 - IPNAME: mpmc, INSTANCE:DDR2_SDRAM - tcl is overriding PARAMETER
   C_CTRL_SKIP_1_INDEX value to 9 -
   /raid/opt.x86_64/xilinx/14.5/ISE_DS/EDK/hw/XilinxProcessorIPLib/pcores/mpmc_v
   6_06_a/data/mpmc_v2_1_0.mpd line 778 
INFO:EDK:4130 - IPNAME: mpmc, INSTANCE:DDR2_SDRAM - tcl is overriding PARAMETER
   C_CTRL_DP_RDFIFO_PUSH_INDEX value to 10 -
   /raid/opt.x86_64/xilinx/14.5/ISE_DS/EDK/hw/XilinxProcessorIPLib/pcores/mpmc_v
   6_06_a/data/mpmc_v2_1_0.mpd line 779 
INFO:EDK:4130 - IPNAME: mpmc, INSTANCE:DDR2_SDRAM - tcl is overriding PARAMETER
   C_CTRL_SKIP_2_INDEX value to 11 -
   /raid/opt.x86_64/xilinx/14.5/ISE_DS/EDK/hw/XilinxProcessorIPLib/pcores/mpmc_v
   6_06_a/data/mpmc_v2_1_0.mpd line 780 
INFO:EDK:4130 - IPNAME: mpmc, INSTANCE:DDR2_SDRAM - tcl is overriding PARAMETER
   C_CTRL_AP_COL_CNT_LOAD_INDEX value to 12 -
   /raid/opt.x86_64/xilinx/14.5/ISE_DS/EDK/hw/XilinxProcessorIPLib/pcores/mpmc_v
   6_06_a/data/mpmc_v2_1_0.mpd line 781 
INFO:EDK:4130 - IPNAME: mpmc, INSTANCE:DDR2_SDRAM - tcl is overriding PARAMETER
   C_CTRL_AP_COL_CNT_ENABLE_INDEX value to 13 -
   /raid/opt.x86_64/xilinx/14.5/ISE_DS/EDK/hw/XilinxProcessorIPLib/pcores/mpmc_v
   6_06_a/data/mpmc_v2_1_0.mpd line 782 
INFO:EDK:4130 - IPNAME: mpmc, INSTANCE:DDR2_SDRAM - tcl is overriding PARAMETER
   C_CTRL_AP_PRECHARGE_ADDR10_INDEX value to 14 -
   /raid/opt.x86_64/xilinx/14.5/ISE_DS/EDK/hw/XilinxProcessorIPLib/pcores/mpmc_v
   6_06_a/data/mpmc_v2_1_0.mpd line 783 
INFO:EDK:4130 - IPNAME: mpmc, INSTANCE:DDR2_SDRAM - tcl is overriding PARAMETER
   C_CTRL_AP_ROW_COL_SEL_INDEX value to 15 -
   /raid/opt.x86_64/xilinx/14.5/ISE_DS/EDK/hw/XilinxProcessorIPLib/pcores/mpmc_v
   6_06_a/data/mpmc_v2_1_0.mpd line 784 
INFO:EDK:4130 - IPNAME: mpmc, INSTANCE:DDR2_SDRAM - tcl is overriding PARAMETER
   C_CTRL_PHYIF_FORCE_DM_INDEX value to 16 -
   /raid/opt.x86_64/xilinx/14.5/ISE_DS/EDK/hw/XilinxProcessorIPLib/pcores/mpmc_v
   6_06_a/data/mpmc_v2_1_0.mpd line 785 
INFO:EDK:4130 - IPNAME: mpmc, INSTANCE:DDR2_SDRAM - tcl is overriding PARAMETER
   C_CTRL_REPEAT4_INDEX value to 17 -
   /raid/opt.x86_64/xilinx/14.5/ISE_DS/EDK/hw/XilinxProcessorIPLib/pcores/mpmc_v
   6_06_a/data/mpmc_v2_1_0.mpd line 786 
INFO:EDK:4130 - IPNAME: mpmc, INSTANCE:DDR2_SDRAM - tcl is overriding PARAMETER
   C_CTRL_ARB_RDMODWR_DELAY value to 3 -
   /raid/opt.x86_64/xilinx/14.5/ISE_DS/EDK/hw/XilinxProcessorIPLib/pcores/mpmc_v
   6_06_a/data/mpmc_v2_1_0.mpd line 797 
INFO:EDK:4130 - IPNAME: mpmc, INSTANCE:DDR2_SDRAM - tcl is overriding PARAMETER
   C_CTRL_AP_COL_DELAY value to 1 -
   /raid/opt.x86_64/xilinx/14.5/ISE_DS/EDK/hw/XilinxProcessorIPLib/pcores/mpmc_v
   6_06_a/data/mpmc_v2_1_0.mpd line 798 
INFO:EDK:4130 - IPNAME: mpmc, INSTANCE:DDR2_SDRAM - tcl is overriding PARAMETER
   C_CTRL_DP_LOAD_RDWDADDR_DELAY value to 2 -
   /raid/opt.x86_64/xilinx/14.5/ISE_DS/EDK/hw/XilinxProcessorIPLib/pcores/mpmc_v
   6_06_a/data/mpmc_v2_1_0.mpd line 802 
INFO:EDK:4130 - IPNAME: mpmc, INSTANCE:DDR2_SDRAM - tcl is overriding PARAMETER
   C_CTRL_DP_RDFIFO_WHICHPORT_DELAY value to 12 -
   /raid/opt.x86_64/xilinx/14.5/ISE_DS/EDK/hw/XilinxProcessorIPLib/pcores/mpmc_v
   6_06_a/data/mpmc_v2_1_0.mpd line 803 
INFO:EDK:4130 - IPNAME: mpmc, INSTANCE:DDR2_SDRAM - tcl is overriding PARAMETER
   C_CTRL_DP_SIZE_DELAY value to 2 -
   /raid/opt.x86_64/xilinx/14.5/ISE_DS/EDK/hw/XilinxProcessorIPLib/pcores/mpmc_v
   6_06_a/data/mpmc_v2_1_0.mpd line 804 
INFO:EDK:4130 - IPNAME: mpmc, INSTANCE:DDR2_SDRAM - tcl is overriding PARAMETER
   C_CTRL_DP_WRFIFO_WHICHPORT_DELAY value to 4 -
   /raid/opt.x86_64/xilinx/14.5/ISE_DS/EDK/hw/XilinxProcessorIPLib/pcores/mpmc_v
   6_06_a/data/mpmc_v2_1_0.mpd line 805 
INFO:EDK:4130 - IPNAME: mpmc, INSTANCE:DDR2_SDRAM - tcl is overriding PARAMETER
   C_CTRL_PHYIF_DUMMYREADSTART_DELAY value to 5 -
   /raid/opt.x86_64/xilinx/14.5/ISE_DS/EDK/hw/XilinxProcessorIPLib/pcores/mpmc_v
   6_06_a/data/mpmc_v2_1_0.mpd line 806 
INFO:EDK:4130 - IPNAME: mpmc, INSTANCE:DDR2_SDRAM - tcl is overriding PARAMETER
   C_CTRL_Q0_DELAY value to 1 -
   /raid/opt.x86_64/xilinx/14.5/ISE_DS/EDK/hw/XilinxProcessorIPLib/pcores/mpmc_v
   6_06_a/data/mpmc_v2_1_0.mpd line 807 
INFO:EDK:4130 - IPNAME: mpmc, INSTANCE:DDR2_SDRAM - tcl is overriding PARAMETER
   C_CTRL_Q1_DELAY value to 1 -
   /raid/opt.x86_64/xilinx/14.5/ISE_DS/EDK/hw/XilinxProcessorIPLib/pcores/mpmc_v
   6_06_a/data/mpmc_v2_1_0.mpd line 808 
INFO:EDK:4130 - IPNAME: mpmc, INSTANCE:DDR2_SDRAM - tcl is overriding PARAMETER
   C_CTRL_Q2_DELAY value to 2 -
   /raid/opt.x86_64/xilinx/14.5/ISE_DS/EDK/hw/XilinxProcessorIPLib/pcores/mpmc_v
   6_06_a/data/mpmc_v2_1_0.mpd line 809 
INFO:EDK:4130 - IPNAME: mpmc, INSTANCE:DDR2_SDRAM - tcl is overriding PARAMETER
   C_CTRL_Q3_DELAY value to 2 -
   /raid/opt.x86_64/xilinx/14.5/ISE_DS/EDK/hw/XilinxProcessorIPLib/pcores/mpmc_v
   6_06_a/data/mpmc_v2_1_0.mpd line 810 
INFO:EDK:4130 - IPNAME: mpmc, INSTANCE:DDR2_SDRAM - tcl is overriding PARAMETER
   C_CTRL_Q4_DELAY value to 2 -
   /raid/opt.x86_64/xilinx/14.5/ISE_DS/EDK/hw/XilinxProcessorIPLib/pcores/mpmc_v
   6_06_a/data/mpmc_v2_1_0.mpd line 811 
INFO:EDK:4130 - IPNAME: mpmc, INSTANCE:DDR2_SDRAM - tcl is overriding PARAMETER
   C_CTRL_Q6_DELAY value to 5 -
   /raid/opt.x86_64/xilinx/14.5/ISE_DS/EDK/hw/XilinxProcessorIPLib/pcores/mpmc_v
   6_06_a/data/mpmc_v2_1_0.mpd line 813 
INFO:EDK:4130 - IPNAME: mpmc, INSTANCE:DDR2_SDRAM - tcl is overriding PARAMETER
   C_CTRL_Q7_DELAY value to 1 -
   /raid/opt.x86_64/xilinx/14.5/ISE_DS/EDK/hw/XilinxProcessorIPLib/pcores/mpmc_v
   6_06_a/data/mpmc_v2_1_0.mpd line 814 
INFO:EDK:4130 - IPNAME: mpmc, INSTANCE:DDR2_SDRAM - tcl is overriding PARAMETER
   C_CTRL_Q8_DELAY value to 1 -
   /raid/opt.x86_64/xilinx/14.5/ISE_DS/EDK/hw/XilinxProcessorIPLib/pcores/mpmc_v
   6_06_a/data/mpmc_v2_1_0.mpd line 815 
INFO:EDK:4130 - IPNAME: mpmc, INSTANCE:DDR2_SDRAM - tcl is overriding PARAMETER
   C_CTRL_Q9_DELAY value to 1 -
   /raid/opt.x86_64/xilinx/14.5/ISE_DS/EDK/hw/XilinxProcessorIPLib/pcores/mpmc_v
   6_06_a/data/mpmc_v2_1_0.mpd line 816 
INFO:EDK:4130 - IPNAME: mpmc, INSTANCE:DDR2_SDRAM - tcl is overriding PARAMETER
   C_CTRL_Q10_DELAY value to 1 -
   /raid/opt.x86_64/xilinx/14.5/ISE_DS/EDK/hw/XilinxProcessorIPLib/pcores/mpmc_v
   6_06_a/data/mpmc_v2_1_0.mpd line 817 
INFO:EDK:4130 - IPNAME: mpmc, INSTANCE:DDR2_SDRAM - tcl is overriding PARAMETER
   C_CTRL_Q11_DELAY value to 1 -
   /raid/opt.x86_64/xilinx/14.5/ISE_DS/EDK/hw/XilinxProcessorIPLib/pcores/mpmc_v
   6_06_a/data/mpmc_v2_1_0.mpd line 818 
INFO:EDK:4130 - IPNAME: mpmc, INSTANCE:DDR2_SDRAM - tcl is overriding PARAMETER
   C_CTRL_Q12_DELAY value to 1 -
   /raid/opt.x86_64/xilinx/14.5/ISE_DS/EDK/hw/XilinxProcessorIPLib/pcores/mpmc_v
   6_06_a/data/mpmc_v2_1_0.mpd line 819 
INFO:EDK:4130 - IPNAME: mpmc, INSTANCE:DDR2_SDRAM - tcl is overriding PARAMETER
   C_CTRL_Q13_DELAY value to 1 -
   /raid/opt.x86_64/xilinx/14.5/ISE_DS/EDK/hw/XilinxProcessorIPLib/pcores/mpmc_v
   6_06_a/data/mpmc_v2_1_0.mpd line 820 
INFO:EDK:4130 - IPNAME: mpmc, INSTANCE:DDR2_SDRAM - tcl is overriding PARAMETER
   C_CTRL_Q14_DELAY value to 1 -
   /raid/opt.x86_64/xilinx/14.5/ISE_DS/EDK/hw/XilinxProcessorIPLib/pcores/mpmc_v
   6_06_a/data/mpmc_v2_1_0.mpd line 821 
INFO:EDK:4130 - IPNAME: mpmc, INSTANCE:DDR2_SDRAM - tcl is overriding PARAMETER
   C_CTRL_Q15_DELAY value to 1 -
   /raid/opt.x86_64/xilinx/14.5/ISE_DS/EDK/hw/XilinxProcessorIPLib/pcores/mpmc_v
   6_06_a/data/mpmc_v2_1_0.mpd line 822 
INFO:EDK:4130 - IPNAME: mpmc, INSTANCE:DDR2_SDRAM - tcl is overriding PARAMETER
   C_CTRL_Q16_DELAY value to 2 -
   /raid/opt.x86_64/xilinx/14.5/ISE_DS/EDK/hw/XilinxProcessorIPLib/pcores/mpmc_v
   6_06_a/data/mpmc_v2_1_0.mpd line 823 
INFO:EDK:4130 - IPNAME: mpmc, INSTANCE:DDR2_SDRAM - tcl is overriding PARAMETER
   C_CTRL_Q17_DELAY value to 1 -
   /raid/opt.x86_64/xilinx/14.5/ISE_DS/EDK/hw/XilinxProcessorIPLib/pcores/mpmc_v
   6_06_a/data/mpmc_v2_1_0.mpd line 824 
INFO:EDK:4130 - IPNAME: mpmc, INSTANCE:DDR2_SDRAM - tcl is overriding PARAMETER
   C_SKIP_1_VALUE value to 0x001 -
   /raid/opt.x86_64/xilinx/14.5/ISE_DS/EDK/hw/XilinxProcessorIPLib/pcores/mpmc_v
   6_06_a/data/mpmc_v2_1_0.mpd line 843 
INFO:EDK:4130 - IPNAME: mpmc, INSTANCE:DDR2_SDRAM - tcl is overriding PARAMETER
   C_SKIP_2_VALUE value to 0x001 -
   /raid/opt.x86_64/xilinx/14.5/ISE_DS/EDK/hw/XilinxProcessorIPLib/pcores/mpmc_v
   6_06_a/data/mpmc_v2_1_0.mpd line 844 
INFO:EDK:4130 - IPNAME: mpmc, INSTANCE:DDR2_SDRAM - tcl is overriding PARAMETER
   C_SKIP_3_VALUE value to 0x001 -
   /raid/opt.x86_64/xilinx/14.5/ISE_DS/EDK/hw/XilinxProcessorIPLib/pcores/mpmc_v
   6_06_a/data/mpmc_v2_1_0.mpd line 845 
INFO:EDK:4130 - IPNAME: mpmc, INSTANCE:DDR2_SDRAM - tcl is overriding PARAMETER
   C_SKIP_4_VALUE value to 0x001 -
   /raid/opt.x86_64/xilinx/14.5/ISE_DS/EDK/hw/XilinxProcessorIPLib/pcores/mpmc_v
   6_06_a/data/mpmc_v2_1_0.mpd line 846 
INFO:EDK:4130 - IPNAME: mpmc, INSTANCE:DDR2_SDRAM - tcl is overriding PARAMETER
   C_SKIP_5_VALUE value to 0x001 -
   /raid/opt.x86_64/xilinx/14.5/ISE_DS/EDK/hw/XilinxProcessorIPLib/pcores/mpmc_v
   6_06_a/data/mpmc_v2_1_0.mpd line 847 
INFO:EDK:4130 - IPNAME: mpmc, INSTANCE:DDR2_SDRAM - tcl is overriding PARAMETER
   C_SKIP_6_VALUE value to 0x001 -
   /raid/opt.x86_64/xilinx/14.5/ISE_DS/EDK/hw/XilinxProcessorIPLib/pcores/mpmc_v
   6_06_a/data/mpmc_v2_1_0.mpd line 848 
INFO:EDK:4130 - IPNAME: mpmc, INSTANCE:DDR2_SDRAM - tcl is overriding PARAMETER
   C_SKIP_7_VALUE value to 0x001 -
   /raid/opt.x86_64/xilinx/14.5/ISE_DS/EDK/hw/XilinxProcessorIPLib/pcores/mpmc_v
   6_06_a/data/mpmc_v2_1_0.mpd line 849 
INFO:EDK:4130 - IPNAME: mpmc, INSTANCE:DDR2_SDRAM - tcl is overriding PARAMETER
   C_B64_REPEAT_CNT value to 2 -
   /raid/opt.x86_64/xilinx/14.5/ISE_DS/EDK/hw/XilinxProcessorIPLib/pcores/mpmc_v
   6_06_a/data/mpmc_v2_1_0.mpd line 852 
INFO:EDK:4130 - IPNAME: mpmc, INSTANCE:DDR2_SDRAM - tcl is overriding PARAMETER
   C_HIGHADDR_CTRL0 value to 0x00e -
   /raid/opt.x86_64/xilinx/14.5/ISE_DS/EDK/hw/XilinxProcessorIPLib/pcores/mpmc_v
   6_06_a/data/mpmc_v2_1_0.mpd line 855 
INFO:EDK:4130 - IPNAME: mpmc, INSTANCE:DDR2_SDRAM - tcl is overriding PARAMETER
   C_BASEADDR_CTRL1 value to 0x00f -
   /raid/opt.x86_64/xilinx/14.5/ISE_DS/EDK/hw/XilinxProcessorIPLib/pcores/mpmc_v
   6_06_a/data/mpmc_v2_1_0.mpd line 856 
INFO:EDK:4130 - IPNAME: mpmc, INSTANCE:DDR2_SDRAM - tcl is overriding PARAMETER
   C_HIGHADDR_CTRL1 value to 0x01a -
   /raid/opt.x86_64/xilinx/14.5/ISE_DS/EDK/hw/XilinxProcessorIPLib/pcores/mpmc_v
   6_06_a/data/mpmc_v2_1_0.mpd line 857 
INFO:EDK:4130 - IPNAME: mpmc, INSTANCE:DDR2_SDRAM - tcl is overriding PARAMETER
   C_BASEADDR_CTRL2 value to 0x01b -
   /raid/opt.x86_64/xilinx/14.5/ISE_DS/EDK/hw/XilinxProcessorIPLib/pcores/mpmc_v
   6_06_a/data/mpmc_v2_1_0.mpd line 858 
INFO:EDK:4130 - IPNAME: mpmc, INSTANCE:DDR2_SDRAM - tcl is overriding PARAMETER
   C_HIGHADDR_CTRL2 value to 0x029 -
   /raid/opt.x86_64/xilinx/14.5/ISE_DS/EDK/hw/XilinxProcessorIPLib/pcores/mpmc_v
   6_06_a/data/mpmc_v2_1_0.mpd line 859 
INFO:EDK:4130 - IPNAME: mpmc, INSTANCE:DDR2_SDRAM - tcl is overriding PARAMETER
   C_BASEADDR_CTRL3 value to 0x02a -
   /raid/opt.x86_64/xilinx/14.5/ISE_DS/EDK/hw/XilinxProcessorIPLib/pcores/mpmc_v
   6_06_a/data/mpmc_v2_1_0.mpd line 860 
INFO:EDK:4130 - IPNAME: mpmc, INSTANCE:DDR2_SDRAM - tcl is overriding PARAMETER
   C_HIGHADDR_CTRL3 value to 0x035 -
   /raid/opt.x86_64/xilinx/14.5/ISE_DS/EDK/hw/XilinxProcessorIPLib/pcores/mpmc_v
   6_06_a/data/mpmc_v2_1_0.mpd line 861 
INFO:EDK:4130 - IPNAME: mpmc, INSTANCE:DDR2_SDRAM - tcl is overriding PARAMETER
   C_BASEADDR_CTRL4 value to 0x036 -
   /raid/opt.x86_64/xilinx/14.5/ISE_DS/EDK/hw/XilinxProcessorIPLib/pcores/mpmc_v
   6_06_a/data/mpmc_v2_1_0.mpd line 862 
INFO:EDK:4130 - IPNAME: mpmc, INSTANCE:DDR2_SDRAM - tcl is overriding PARAMETER
   C_HIGHADDR_CTRL4 value to 0x044 -
   /raid/opt.x86_64/xilinx/14.5/ISE_DS/EDK/hw/XilinxProcessorIPLib/pcores/mpmc_v
   6_06_a/data/mpmc_v2_1_0.mpd line 863 
INFO:EDK:4130 - IPNAME: mpmc, INSTANCE:DDR2_SDRAM - tcl is overriding PARAMETER
   C_BASEADDR_CTRL5 value to 0x045 -
   /raid/opt.x86_64/xilinx/14.5/ISE_DS/EDK/hw/XilinxProcessorIPLib/pcores/mpmc_v
   6_06_a/data/mpmc_v2_1_0.mpd line 864 
INFO:EDK:4130 - IPNAME: mpmc, INSTANCE:DDR2_SDRAM - tcl is overriding PARAMETER
   C_HIGHADDR_CTRL5 value to 0x050 -
   /raid/opt.x86_64/xilinx/14.5/ISE_DS/EDK/hw/XilinxProcessorIPLib/pcores/mpmc_v
   6_06_a/data/mpmc_v2_1_0.mpd line 865 
INFO:EDK:4130 - IPNAME: mpmc, INSTANCE:DDR2_SDRAM - tcl is overriding PARAMETER
   C_BASEADDR_CTRL6 value to 0x051 -
   /raid/opt.x86_64/xilinx/14.5/ISE_DS/EDK/hw/XilinxProcessorIPLib/pcores/mpmc_v
   6_06_a/data/mpmc_v2_1_0.mpd line 866 
INFO:EDK:4130 - IPNAME: mpmc, INSTANCE:DDR2_SDRAM - tcl is overriding PARAMETER
   C_HIGHADDR_CTRL6 value to 0x05f -
   /raid/opt.x86_64/xilinx/14.5/ISE_DS/EDK/hw/XilinxProcessorIPLib/pcores/mpmc_v
   6_06_a/data/mpmc_v2_1_0.mpd line 867 
INFO:EDK:4130 - IPNAME: mpmc, INSTANCE:DDR2_SDRAM - tcl is overriding PARAMETER
   C_BASEADDR_CTRL7 value to 0x060 -
   /raid/opt.x86_64/xilinx/14.5/ISE_DS/EDK/hw/XilinxProcessorIPLib/pcores/mpmc_v
   6_06_a/data/mpmc_v2_1_0.mpd line 868 
INFO:EDK:4130 - IPNAME: mpmc, INSTANCE:DDR2_SDRAM - tcl is overriding PARAMETER
   C_HIGHADDR_CTRL7 value to 0x06b -
   /raid/opt.x86_64/xilinx/14.5/ISE_DS/EDK/hw/XilinxProcessorIPLib/pcores/mpmc_v
   6_06_a/data/mpmc_v2_1_0.mpd line 869 
INFO:EDK:4130 - IPNAME: mpmc, INSTANCE:DDR2_SDRAM - tcl is overriding PARAMETER
   C_BASEADDR_CTRL8 value to 0x06c -
   /raid/opt.x86_64/xilinx/14.5/ISE_DS/EDK/hw/XilinxProcessorIPLib/pcores/mpmc_v
   6_06_a/data/mpmc_v2_1_0.mpd line 870 
INFO:EDK:4130 - IPNAME: mpmc, INSTANCE:DDR2_SDRAM - tcl is overriding PARAMETER
   C_HIGHADDR_CTRL8 value to 0x07c -
   /raid/opt.x86_64/xilinx/14.5/ISE_DS/EDK/hw/XilinxProcessorIPLib/pcores/mpmc_v
   6_06_a/data/mpmc_v2_1_0.mpd line 871 
INFO:EDK:4130 - IPNAME: mpmc, INSTANCE:DDR2_SDRAM - tcl is overriding PARAMETER
   C_BASEADDR_CTRL9 value to 0x07d -
   /raid/opt.x86_64/xilinx/14.5/ISE_DS/EDK/hw/XilinxProcessorIPLib/pcores/mpmc_v
   6_06_a/data/mpmc_v2_1_0.mpd line 872 
INFO:EDK:4130 - IPNAME: mpmc, INSTANCE:DDR2_SDRAM - tcl is overriding PARAMETER
   C_HIGHADDR_CTRL9 value to 0x088 -
   /raid/opt.x86_64/xilinx/14.5/ISE_DS/EDK/hw/XilinxProcessorIPLib/pcores/mpmc_v
   6_06_a/data/mpmc_v2_1_0.mpd line 873 
INFO:EDK:4130 - IPNAME: mpmc, INSTANCE:DDR2_SDRAM - tcl is overriding PARAMETER
   C_BASEADDR_CTRL10 value to 0x089 -
   /raid/opt.x86_64/xilinx/14.5/ISE_DS/EDK/hw/XilinxProcessorIPLib/pcores/mpmc_v
   6_06_a/data/mpmc_v2_1_0.mpd line 874 
INFO:EDK:4130 - IPNAME: mpmc, INSTANCE:DDR2_SDRAM - tcl is overriding PARAMETER
   C_HIGHADDR_CTRL10 value to 0x09d -
   /raid/opt.x86_64/xilinx/14.5/ISE_DS/EDK/hw/XilinxProcessorIPLib/pcores/mpmc_v
   6_06_a/data/mpmc_v2_1_0.mpd line 875 
INFO:EDK:4130 - IPNAME: mpmc, INSTANCE:DDR2_SDRAM - tcl is overriding PARAMETER
   C_BASEADDR_CTRL11 value to 0x09e -
   /raid/opt.x86_64/xilinx/14.5/ISE_DS/EDK/hw/XilinxProcessorIPLib/pcores/mpmc_v
   6_06_a/data/mpmc_v2_1_0.mpd line 876 
INFO:EDK:4130 - IPNAME: mpmc, INSTANCE:DDR2_SDRAM - tcl is overriding PARAMETER
   C_HIGHADDR_CTRL11 value to 0x0ac -
   /raid/opt.x86_64/xilinx/14.5/ISE_DS/EDK/hw/XilinxProcessorIPLib/pcores/mpmc_v
   6_06_a/data/mpmc_v2_1_0.mpd line 877 
INFO:EDK:4130 - IPNAME: mpmc, INSTANCE:DDR2_SDRAM - tcl is overriding PARAMETER
   C_BASEADDR_CTRL12 value to 0x0ad -
   /raid/opt.x86_64/xilinx/14.5/ISE_DS/EDK/hw/XilinxProcessorIPLib/pcores/mpmc_v
   6_06_a/data/mpmc_v2_1_0.mpd line 878 
INFO:EDK:4130 - IPNAME: mpmc, INSTANCE:DDR2_SDRAM - tcl is overriding PARAMETER
   C_HIGHADDR_CTRL12 value to 0x0c1 -
   /raid/opt.x86_64/xilinx/14.5/ISE_DS/EDK/hw/XilinxProcessorIPLib/pcores/mpmc_v
   6_06_a/data/mpmc_v2_1_0.mpd line 879 
INFO:EDK:4130 - IPNAME: mpmc, INSTANCE:DDR2_SDRAM - tcl is overriding PARAMETER
   C_BASEADDR_CTRL13 value to 0x0c2 -
   /raid/opt.x86_64/xilinx/14.5/ISE_DS/EDK/hw/XilinxProcessorIPLib/pcores/mpmc_v
   6_06_a/data/mpmc_v2_1_0.mpd line 880 
INFO:EDK:4130 - IPNAME: mpmc, INSTANCE:DDR2_SDRAM - tcl is overriding PARAMETER
   C_HIGHADDR_CTRL13 value to 0x0d0 -
   /raid/opt.x86_64/xilinx/14.5/ISE_DS/EDK/hw/XilinxProcessorIPLib/pcores/mpmc_v
   6_06_a/data/mpmc_v2_1_0.mpd line 881 
INFO:EDK:4130 - IPNAME: mpmc, INSTANCE:DDR2_SDRAM - tcl is overriding PARAMETER
   C_BASEADDR_CTRL14 value to 0x0d1 -
   /raid/opt.x86_64/xilinx/14.5/ISE_DS/EDK/hw/XilinxProcessorIPLib/pcores/mpmc_v
   6_06_a/data/mpmc_v2_1_0.mpd line 882 
INFO:EDK:4130 - IPNAME: mpmc, INSTANCE:DDR2_SDRAM - tcl is overriding PARAMETER
   C_HIGHADDR_CTRL14 value to 0x0e9 -
   /raid/opt.x86_64/xilinx/14.5/ISE_DS/EDK/hw/XilinxProcessorIPLib/pcores/mpmc_v
   6_06_a/data/mpmc_v2_1_0.mpd line 883 
INFO:EDK:4130 - IPNAME: mpmc, INSTANCE:DDR2_SDRAM - tcl is overriding PARAMETER
   C_BASEADDR_CTRL15 value to 0x0ea -
   /raid/opt.x86_64/xilinx/14.5/ISE_DS/EDK/hw/XilinxProcessorIPLib/pcores/mpmc_v
   6_06_a/data/mpmc_v2_1_0.mpd line 884 
INFO:EDK:4130 - IPNAME: mpmc, INSTANCE:DDR2_SDRAM - tcl is overriding PARAMETER
   C_HIGHADDR_CTRL15 value to 0x0eb -
   /raid/opt.x86_64/xilinx/14.5/ISE_DS/EDK/hw/XilinxProcessorIPLib/pcores/mpmc_v
   6_06_a/data/mpmc_v2_1_0.mpd line 885 
INFO:EDK:4130 - IPNAME: mpmc, INSTANCE:DDR2_SDRAM - tcl is overriding PARAMETER
   C_CTRL_BRAM_INIT_1D value to
   0x000002FC000002FC000002FC000002FC0000001C0000001C0000001C0000001C -
   /raid/opt.x86_64/xilinx/14.5/ISE_DS/EDK/hw/XilinxProcessorIPLib/pcores/mpmc_v
   6_06_a/data/mpmc_v2_1_0.mpd line 922 
INFO:EDK:4130 - IPNAME: mpmc, INSTANCE:DDR2_SDRAM - tcl is overriding PARAMETER
   C_CTRL_BRAM_INIT_1C value to
   0x0000001C0000001C0000001C0000001D0000001C0000001C0000001C0000001C -
   /raid/opt.x86_64/xilinx/14.5/ISE_DS/EDK/hw/XilinxProcessorIPLib/pcores/mpmc_v
   6_06_a/data/mpmc_v2_1_0.mpd line 923 
INFO:EDK:4130 - IPNAME: mpmc, INSTANCE:DDR2_SDRAM - tcl is overriding PARAMETER
   C_CTRL_BRAM_INIT_1B value to
   0x0000001C0000001C0000001C0000001C0000001C0000001C0000001C0000001C -
   /raid/opt.x86_64/xilinx/14.5/ISE_DS/EDK/hw/XilinxProcessorIPLib/pcores/mpmc_v
   6_06_a/data/mpmc_v2_1_0.mpd line 924 
INFO:EDK:4130 - IPNAME: mpmc, INSTANCE:DDR2_SDRAM - tcl is overriding PARAMETER
   C_CTRL_BRAM_INIT_1A value to
   0x0000001C0000001C000000100000001C0000001C0000001C000040080000001C -
   /raid/opt.x86_64/xilinx/14.5/ISE_DS/EDK/hw/XilinxProcessorIPLib/pcores/mpmc_v
   6_06_a/data/mpmc_v2_1_0.mpd line 925 
INFO:EDK:4130 - IPNAME: mpmc, INSTANCE:DDR2_SDRAM - tcl is overriding PARAMETER
   C_CTRL_BRAM_INIT_19 value to
   0x0000001C0000001C000040080000001C000024150000041C000024140000041C -
   /raid/opt.x86_64/xilinx/14.5/ISE_DS/EDK/hw/XilinxProcessorIPLib/pcores/mpmc_v
   6_06_a/data/mpmc_v2_1_0.mpd line 926 
INFO:EDK:4130 - IPNAME: mpmc, INSTANCE:DDR2_SDRAM - tcl is overriding PARAMETER
   C_CTRL_BRAM_INIT_18 value to
   0x000024140002041C000024140000141C0000001C000080180000001E0000001E -
   /raid/opt.x86_64/xilinx/14.5/ISE_DS/EDK/hw/XilinxProcessorIPLib/pcores/mpmc_v
   6_06_a/data/mpmc_v2_1_0.mpd line 927 
INFO:EDK:4130 - IPNAME: mpmc, INSTANCE:DDR2_SDRAM - tcl is overriding PARAMETER
   C_CTRL_BRAM_INIT_17 value to
   0x0000001E0000001E0000400A0000001F0000001E0000001E0000001E0000201E -
   /raid/opt.x86_64/xilinx/14.5/ISE_DS/EDK/hw/XilinxProcessorIPLib/pcores/mpmc_v
   6_06_a/data/mpmc_v2_1_0.mpd line 928 
INFO:EDK:4130 - IPNAME: mpmc, INSTANCE:DDR2_SDRAM - tcl is overriding PARAMETER
   C_CTRL_BRAM_INIT_16 value to
   0x0000001E000020060000011E000021060000011E000021060002011E00002106 -
   /raid/opt.x86_64/xilinx/14.5/ISE_DS/EDK/hw/XilinxProcessorIPLib/pcores/mpmc_v
   6_06_a/data/mpmc_v2_1_0.mpd line 929 
INFO:EDK:4130 - IPNAME: mpmc, INSTANCE:DDR2_SDRAM - tcl is overriding PARAMETER
   C_CTRL_BRAM_INIT_15 value to
   0x0000111E0000011E0000801A0000001C0000001C0000001C000040080000001C -
   /raid/opt.x86_64/xilinx/14.5/ISE_DS/EDK/hw/XilinxProcessorIPLib/pcores/mpmc_v
   6_06_a/data/mpmc_v2_1_0.mpd line 930 
INFO:EDK:4130 - IPNAME: mpmc, INSTANCE:DDR2_SDRAM - tcl is overriding PARAMETER
   C_CTRL_BRAM_INIT_14 value to
   0x000024150000041C000024140000041C000024140002041C000024140000141C -
   /raid/opt.x86_64/xilinx/14.5/ISE_DS/EDK/hw/XilinxProcessorIPLib/pcores/mpmc_v
   6_06_a/data/mpmc_v2_1_0.mpd line 931 
INFO:EDK:4130 - IPNAME: mpmc, INSTANCE:DDR2_SDRAM - tcl is overriding PARAMETER
   C_CTRL_BRAM_INIT_13 value to
   0x0000001C000080180000001E0000001E0000001E0000001E0000400A0000001F -
   /raid/opt.x86_64/xilinx/14.5/ISE_DS/EDK/hw/XilinxProcessorIPLib/pcores/mpmc_v
   6_06_a/data/mpmc_v2_1_0.mpd line 932 
INFO:EDK:4130 - IPNAME: mpmc, INSTANCE:DDR2_SDRAM - tcl is overriding PARAMETER
   C_CTRL_BRAM_INIT_12 value to
   0x0000001E0000001E0000001E0000201E0000001E000020060000011E00002106 -
   /raid/opt.x86_64/xilinx/14.5/ISE_DS/EDK/hw/XilinxProcessorIPLib/pcores/mpmc_v
   6_06_a/data/mpmc_v2_1_0.mpd line 933 
INFO:EDK:4130 - IPNAME: mpmc, INSTANCE:DDR2_SDRAM - tcl is overriding PARAMETER
   C_CTRL_BRAM_INIT_11 value to
   0x0000011E000021060002011E000021060000111E0000011E0000801A0000001C -
   /raid/opt.x86_64/xilinx/14.5/ISE_DS/EDK/hw/XilinxProcessorIPLib/pcores/mpmc_v
   6_06_a/data/mpmc_v2_1_0.mpd line 934 
INFO:EDK:4130 - IPNAME: mpmc, INSTANCE:DDR2_SDRAM - tcl is overriding PARAMETER
   C_CTRL_BRAM_INIT_10 value to
   0x0000001C0000001C000040080000001C0000001D000024140000041C00002414 -
   /raid/opt.x86_64/xilinx/14.5/ISE_DS/EDK/hw/XilinxProcessorIPLib/pcores/mpmc_v
   6_06_a/data/mpmc_v2_1_0.mpd line 935 
INFO:EDK:4130 - IPNAME: mpmc, INSTANCE:DDR2_SDRAM - tcl is overriding PARAMETER
   C_CTRL_BRAM_INIT_0F value to
   0x0000141C0000001C000080180000001E0000001E0000001E0000001E0000400A -
   /raid/opt.x86_64/xilinx/14.5/ISE_DS/EDK/hw/XilinxProcessorIPLib/pcores/mpmc_v
   6_06_a/data/mpmc_v2_1_0.mpd line 936 
INFO:EDK:4130 - IPNAME: mpmc, INSTANCE:DDR2_SDRAM - tcl is overriding PARAMETER
   C_CTRL_BRAM_INIT_0E value to
   0x0000001F0000001E0000001E0000001E0000201E0000001E000020060000011E -
   /raid/opt.x86_64/xilinx/14.5/ISE_DS/EDK/hw/XilinxProcessorIPLib/pcores/mpmc_v
   6_06_a/data/mpmc_v2_1_0.mpd line 937 
INFO:EDK:4130 - IPNAME: mpmc, INSTANCE:DDR2_SDRAM - tcl is overriding PARAMETER
   C_CTRL_BRAM_INIT_0D value to
   0x000021060000111E0000011E0000801A0000001C0000001C0000001C00004008 -
   /raid/opt.x86_64/xilinx/14.5/ISE_DS/EDK/hw/XilinxProcessorIPLib/pcores/mpmc_v
   6_06_a/data/mpmc_v2_1_0.mpd line 938 
INFO:EDK:4130 - IPNAME: mpmc, INSTANCE:DDR2_SDRAM - tcl is overriding PARAMETER
   C_CTRL_BRAM_INIT_0C value to
   0x0000001C0000001D0000001C0000001C000024140000141C0000001C00008018 -
   /raid/opt.x86_64/xilinx/14.5/ISE_DS/EDK/hw/XilinxProcessorIPLib/pcores/mpmc_v
   6_06_a/data/mpmc_v2_1_0.mpd line 939 
INFO:EDK:4130 - IPNAME: mpmc, INSTANCE:DDR2_SDRAM - tcl is overriding PARAMETER
   C_CTRL_BRAM_INIT_0B value to
   0x0000001E0000001E0000001E0000001E0000400A0000001F0000001E0000001E -
   /raid/opt.x86_64/xilinx/14.5/ISE_DS/EDK/hw/XilinxProcessorIPLib/pcores/mpmc_v
   6_06_a/data/mpmc_v2_1_0.mpd line 940 
INFO:EDK:4130 - IPNAME: mpmc, INSTANCE:DDR2_SDRAM - tcl is overriding PARAMETER
   C_CTRL_BRAM_INIT_0A value to
   0x0000001E0000201E0000001E000020060000111E0000011E0000801A0000001C -
   /raid/opt.x86_64/xilinx/14.5/ISE_DS/EDK/hw/XilinxProcessorIPLib/pcores/mpmc_v
   6_06_a/data/mpmc_v2_1_0.mpd line 941 
INFO:EDK:4130 - IPNAME: mpmc, INSTANCE:DDR2_SDRAM - tcl is overriding PARAMETER
   C_CTRL_BRAM_INIT_09 value to
   0x0000001C0000001C000040080000001C0000001D0000001C0000001C00002014 -
   /raid/opt.x86_64/xilinx/14.5/ISE_DS/EDK/hw/XilinxProcessorIPLib/pcores/mpmc_v
   6_06_a/data/mpmc_v2_1_0.mpd line 942 
INFO:EDK:4130 - IPNAME: mpmc, INSTANCE:DDR2_SDRAM - tcl is overriding PARAMETER
   C_CTRL_BRAM_INIT_08 value to
   0x0000141C0000001C000080180000001E0000001E0000001E0000001E0000400A -
   /raid/opt.x86_64/xilinx/14.5/ISE_DS/EDK/hw/XilinxProcessorIPLib/pcores/mpmc_v
   6_06_a/data/mpmc_v2_1_0.mpd line 943 
INFO:EDK:4130 - IPNAME: mpmc, INSTANCE:DDR2_SDRAM - tcl is overriding PARAMETER
   C_CTRL_BRAM_INIT_07 value to
   0x0000001F0000001E0000001E0000001E0000001E0000001E000020060001111E -
   /raid/opt.x86_64/xilinx/14.5/ISE_DS/EDK/hw/XilinxProcessorIPLib/pcores/mpmc_v
   6_06_a/data/mpmc_v2_1_0.mpd line 944 
INFO:EDK:4130 - IPNAME: mpmc, INSTANCE:DDR2_SDRAM - tcl is overriding PARAMETER
   C_CTRL_BRAM_INIT_06 value to
   0x0000011E0000801A0000001C0000001C0000001C000040080000001C0000001D -
   /raid/opt.x86_64/xilinx/14.5/ISE_DS/EDK/hw/XilinxProcessorIPLib/pcores/mpmc_v
   6_06_a/data/mpmc_v2_1_0.mpd line 945 
INFO:EDK:4130 - IPNAME: mpmc, INSTANCE:DDR2_SDRAM - tcl is overriding PARAMETER
   C_CTRL_BRAM_INIT_05 value to
   0x0000001C0000001C000020140000141C0000001C000080180000001E0000001E -
   /raid/opt.x86_64/xilinx/14.5/ISE_DS/EDK/hw/XilinxProcessorIPLib/pcores/mpmc_v
   6_06_a/data/mpmc_v2_1_0.mpd line 946 
INFO:EDK:4130 - IPNAME: mpmc, INSTANCE:DDR2_SDRAM - tcl is overriding PARAMETER
   C_CTRL_BRAM_INIT_04 value to
   0x0000001E0000001E0000400A0000001F0000001E0000001E0000001E0000001E -
   /raid/opt.x86_64/xilinx/14.5/ISE_DS/EDK/hw/XilinxProcessorIPLib/pcores/mpmc_v
   6_06_a/data/mpmc_v2_1_0.mpd line 947 
INFO:EDK:4130 - IPNAME: mpmc, INSTANCE:DDR2_SDRAM - tcl is overriding PARAMETER
   C_CTRL_BRAM_INIT_03 value to
   0x0000001E000020060001111E0000011E0000801A0000001C0000001C0000001C -
   /raid/opt.x86_64/xilinx/14.5/ISE_DS/EDK/hw/XilinxProcessorIPLib/pcores/mpmc_v
   6_06_a/data/mpmc_v2_1_0.mpd line 948 
INFO:EDK:4130 - IPNAME: mpmc, INSTANCE:DDR2_SDRAM - tcl is overriding PARAMETER
   C_CTRL_BRAM_INIT_02 value to
   0x000040080000001C0000001D0000001C0000001C000020140000141C0000001C -
   /raid/opt.x86_64/xilinx/14.5/ISE_DS/EDK/hw/XilinxProcessorIPLib/pcores/mpmc_v
   6_06_a/data/mpmc_v2_1_0.mpd line 949 
INFO:EDK:4130 - IPNAME: mpmc, INSTANCE:DDR2_SDRAM - tcl is overriding PARAMETER
   C_CTRL_BRAM_INIT_01 value to
   0x000080180000001E0000001E0000001E0000001E0000400A0000001F0000001E -
   /raid/opt.x86_64/xilinx/14.5/ISE_DS/EDK/hw/XilinxProcessorIPLib/pcores/mpmc_v
   6_06_a/data/mpmc_v2_1_0.mpd line 950 
INFO:EDK:4130 - IPNAME: mpmc, INSTANCE:DDR2_SDRAM - tcl is overriding PARAMETER
   C_CTRL_BRAM_INIT_00 value to
   0x0000001E0000001E0000001E0000001E000020060001111E0000011E0000801A -
   /raid/opt.x86_64/xilinx/14.5/ISE_DS/EDK/hw/XilinxProcessorIPLib/pcores/mpmc_v
   6_06_a/data/mpmc_v2_1_0.mpd line 951 
INFO:EDK:4130 - IPNAME: mpmc, INSTANCE:DDR2_SDRAM - tcl is overriding PARAMETER
   C_CTRL_BRAM_INITP_03 value to
   0x0000000000000000000000000000000000000000000000000000000000000000 -
   /raid/opt.x86_64/xilinx/14.5/ISE_DS/EDK/hw/XilinxProcessorIPLib/pcores/mpmc_v
   6_06_a/data/mpmc_v2_1_0.mpd line 957 
INFO:EDK:4130 - IPNAME: mpmc, INSTANCE:DDR2_SDRAM - tcl is overriding PARAMETER
   C_CTRL_BRAM_INITP_02 value to
   0x0000000000000000000000000000000000000000000000000000000000000000 -
   /raid/opt.x86_64/xilinx/14.5/ISE_DS/EDK/hw/XilinxProcessorIPLib/pcores/mpmc_v
   6_06_a/data/mpmc_v2_1_0.mpd line 958 
INFO:EDK:4130 - IPNAME: mpmc, INSTANCE:DDR2_SDRAM - tcl is overriding PARAMETER
   C_CTRL_BRAM_INITP_01 value to
   0x0000000000000000000000000000000000000000000000000000000000000000 -
   /raid/opt.x86_64/xilinx/14.5/ISE_DS/EDK/hw/XilinxProcessorIPLib/pcores/mpmc_v
   6_06_a/data/mpmc_v2_1_0.mpd line 959 
INFO:EDK:4130 - IPNAME: mpmc, INSTANCE:DDR2_SDRAM - tcl is overriding PARAMETER
   C_CTRL_BRAM_INITP_00 value to
   0x0000000000000000000000000000000000000000000000000000000000000000 -
   /raid/opt.x86_64/xilinx/14.5/ISE_DS/EDK/hw/XilinxProcessorIPLib/pcores/mpmc_v
   6_06_a/data/mpmc_v2_1_0.mpd line 960 
INFO:EDK:4130 - IPNAME: jtagppc_cntlr, INSTANCE:jtagppc_cntlr_inst - tcl is
   overriding PARAMETER C_NUM_PPC_USED value to 1 -
   /raid/opt.x86_64/xilinx/14.5/ISE_DS/EDK/hw/XilinxProcessorIPLib/pcores/jtagpp
   c_cntlr_v2_01_c/data/jtagppc_cntlr_v2_1_0.mpd line 77 
INFO:EDK:4130 - IPNAME: xps_intc, INSTANCE:xps_intc_0 - tcl is overriding
   PARAMETER C_NUM_INTR_INPUTS value to 1 -
   /raid/opt.x86_64/xilinx/14.5/ISE_DS/EDK/hw/XilinxProcessorIPLib/pcores/xps_in
   tc_v2_01_a/data/xps_intc_v2_1_0.mpd line 87 
INFO:EDK:4130 - IPNAME: xps_intc, INSTANCE:xps_intc_0 - tcl is overriding
   PARAMETER C_KIND_OF_INTR value to 0b11111111111111111111111111111111 -
   /raid/opt.x86_64/xilinx/14.5/ISE_DS/EDK/hw/XilinxProcessorIPLib/pcores/xps_in
   tc_v2_01_a/data/xps_intc_v2_1_0.mpd line 88 
INFO:EDK:4130 - IPNAME: xps_intc, INSTANCE:xps_intc_0 - tcl is overriding
   PARAMETER C_KIND_OF_EDGE value to 0b11111111111111111111111111111111 -
   /raid/opt.x86_64/xilinx/14.5/ISE_DS/EDK/hw/XilinxProcessorIPLib/pcores/xps_in
   tc_v2_01_a/data/xps_intc_v2_1_0.mpd line 89 
INFO:EDK:4130 - IPNAME: xps_intc, INSTANCE:xps_intc_0 - tcl is overriding
   PARAMETER C_KIND_OF_LVL value to 0b11111111111111111111111111111111 -
   /raid/opt.x86_64/xilinx/14.5/ISE_DS/EDK/hw/XilinxProcessorIPLib/pcores/xps_in
   tc_v2_01_a/data/xps_intc_v2_1_0.mpd line 90 
INFO:EDK:4130 - IPNAME: xps_intc, INSTANCE:xps_intc_1 - tcl is overriding
   PARAMETER C_NUM_INTR_INPUTS value to 1 -
   /raid/opt.x86_64/xilinx/14.5/ISE_DS/EDK/hw/XilinxProcessorIPLib/pcores/xps_in
   tc_v2_01_a/data/xps_intc_v2_1_0.mpd line 87 
INFO:EDK:4130 - IPNAME: xps_intc, INSTANCE:xps_intc_1 - tcl is overriding
   PARAMETER C_KIND_OF_INTR value to 0b11111111111111111111111111111111 -
   /raid/opt.x86_64/xilinx/14.5/ISE_DS/EDK/hw/XilinxProcessorIPLib/pcores/xps_in
   tc_v2_01_a/data/xps_intc_v2_1_0.mpd line 88 
INFO:EDK:4130 - IPNAME: xps_intc, INSTANCE:xps_intc_1 - tcl is overriding
   PARAMETER C_KIND_OF_EDGE value to 0b11111111111111111111111111111111 -
   /raid/opt.x86_64/xilinx/14.5/ISE_DS/EDK/hw/XilinxProcessorIPLib/pcores/xps_in
   tc_v2_01_a/data/xps_intc_v2_1_0.mpd line 89 
INFO:EDK:4130 - IPNAME: xps_intc, INSTANCE:xps_intc_1 - tcl is overriding
   PARAMETER C_KIND_OF_LVL value to 0b11111111111111111111111111111111 -
   /raid/opt.x86_64/xilinx/14.5/ISE_DS/EDK/hw/XilinxProcessorIPLib/pcores/xps_in
   tc_v2_01_a/data/xps_intc_v2_1_0.mpd line 90 
INFO:EDK:4130 - IPNAME: chipscope_icon, INSTANCE:chipscope_icon_0 - tcl is
   overriding PARAMETER C_SYSTEM_CONTAINS_MDM value to 1 -
   /raid/opt.x86_64/xilinx/14.5/ISE_DS/EDK/hw/XilinxProcessorIPLib/pcores/chipsc
   ope_icon_v1_06_a/data/chipscope_icon_v2_1_0.mpd line 81 

Running system level update procedures...

Running UPDATE Tcl procedures for OPTION SYSLEVEL_UPDATE_PROC...

Running system level DRCs...

Performing System level DRCs on properties...

Running DRC Tcl procedures for OPTION SYSLEVEL_DRC_PROC...
Chipscope Integrate Controller, instance 'chipscope_icon', exists in System 
Chipscope Integrate Controller, instance 'chipscope_icon', exists in System 
Chipscope Integrate Controller, instance 'chipscope_icon', exists in System 
Chipscope Integrate Controller, instance 'chipscope_icon', exists in System 

Running UPDATE Tcl procedures for OPTION PLATGEN_SYSLEVEL_UPDATE_PROC...
INFO: The microblaze_0 core has constraints automatically generated by XPS in
implementation/microblaze_0_wrapper/microblaze_0_wrapper.ucf.
It can be overridden by constraints placed in the system.ucf file.

INFO: The ilmb core has constraints automatically generated by XPS in
implementation/ilmb_wrapper/ilmb_wrapper.ucf.
It can be overridden by constraints placed in the system.ucf file.

INFO: The dlmb core has constraints automatically generated by XPS in
implementation/dlmb_wrapper/dlmb_wrapper.ucf.
It can be overridden by constraints placed in the system.ucf file.

INFO: The MGT_wrapper core has constraints automatically generated by XPS in
implementation/mgt_wrapper_wrapper/mgt_wrapper_wrapper.ucf.
It can be overridden by constraints placed in the system.ucf file.

INFO: The DDR2_SDRAM core has constraints automatically generated by XPS in
implementation/ddr2_sdram_wrapper/ddr2_sdram_wrapper.ucf.
It can be overridden by constraints placed in the system.ucf file.

INFO: The fsl_v20_0 core has constraints automatically generated by XPS in
implementation/fsl_v20_0_wrapper/fsl_v20_0_wrapper.ucf.
It can be overridden by constraints placed in the system.ucf file.


Modify defaults ...

Creating stub ...

Processing licensed instances ...
Completion time: 0.00 seconds

Creating hardware output directories ...

Managing hardware (BBD-specified) netlist files ...
IPNAME:mgt_protector INSTANCE:mgt_wrapper -
/raid/home/akumar17/thesis/sdn_switch/edk/system.mhs line 165 - Copying
(BBD-specified) netlist files.
IPNAME:chipscope_icon INSTANCE:chipscope_icon_0 -
/raid/home/akumar17/thesis/sdn_switch/edk/system.mhs line 365 - Copying
(BBD-specified) netlist files.
IPNAME:chipscope_ila INSTANCE:chipscope_ila_0_sdn_switch_ip -
/raid/home/akumar17/thesis/sdn_switch/edk/system.mhs line 375 - Copying
(BBD-specified) netlist files.
IPNAME:chipscope_ila INSTANCE:chipscope_ila_1_fsl_switch_intf -
/raid/home/akumar17/thesis/sdn_switch/edk/system.mhs line 388 - Copying
(BBD-specified) netlist files.
IPNAME:chipscope_vio INSTANCE:chipscope_vio_0 -
/raid/home/akumar17/thesis/sdn_switch/edk/system.mhs line 423 - Copying
(BBD-specified) netlist files.
IPNAME:chipscope_ila INSTANCE:chipscope_ila_0_sdn_switch_op -
/raid/home/akumar17/thesis/sdn_switch/edk/system.mhs line 434 - Copying
(BBD-specified) netlist files.

Managing cache ...

Elaborating instances ...
IPNAME:bram_block INSTANCE:lmb_bram -
/raid/home/akumar17/thesis/sdn_switch/edk/system.mhs line 106 - elaborating IP
IPNAME:bram_block INSTANCE:plb_bram_if_cntlr_1_bram -
/raid/home/akumar17/thesis/sdn_switch/edk/system.mhs line 144 - elaborating IP
IPNAME:clock_generator INSTANCE:clock_generator_0 -
/raid/home/akumar17/thesis/sdn_switch/edk/system.mhs line 248 - elaborating IP
ClkGen elaborate status: PASSED
----------------------------------------
----------------------------------------
IPNAME:chipscope_icon INSTANCE:chipscope_icon_0 -
/raid/home/akumar17/thesis/sdn_switch/edk/system.mhs line 365 - elaborating IP
Created elaborate directory hdl/elaborate/chipscope_icon_0_v1_06_a/synhdl/vhdl/
INFO: ChipScope core parameters not changed. Not regenerating core
IPNAME:chipscope_ila INSTANCE:chipscope_ila_0_sdn_switch_ip -
/raid/home/akumar17/thesis/sdn_switch/edk/system.mhs line 375 - elaborating IP
Created elaborate directory
hdl/elaborate/chipscope_ila_0_sdn_switch_ip_v1_05_a/synhdl/vhdl/
INFO: Chipscope core parameters not changed. Not regenerating core
IPNAME:chipscope_ila INSTANCE:chipscope_ila_1_fsl_switch_intf -
/raid/home/akumar17/thesis/sdn_switch/edk/system.mhs line 388 - elaborating IP
Created elaborate directory
hdl/elaborate/chipscope_ila_1_fsl_switch_intf_v1_05_a/synhdl/vhdl/
INFO: Chipscope core parameters not changed. Not regenerating core
IPNAME:chipscope_vio INSTANCE:chipscope_vio_0 -
/raid/home/akumar17/thesis/sdn_switch/edk/system.mhs line 423 - elaborating IP
Created elaborate directory hdl/elaborate/chipscope_vio_0_v1_05_a/synhdl/vhdl/
INFO: Chipscope core parameters not changed. Not regenerating core
IPNAME:chipscope_ila INSTANCE:chipscope_ila_0_sdn_switch_op -
/raid/home/akumar17/thesis/sdn_switch/edk/system.mhs line 434 - elaborating IP
Created elaborate directory
hdl/elaborate/chipscope_ila_0_sdn_switch_op_v1_05_a/synhdl/vhdl/
INFO: Chipscope core parameters not changed. Not regenerating core

Writing HDL for elaborated instances ...

Inserting wrapper level ...
Completion time: 1.00 seconds

Constructing platform-level connectivity ...
Completion time: 0.00 seconds

Writing (top-level) BMM ...

Writing (top-level and wrappers) HDL ...

Generating synthesis project file ...

Running XST synthesis ...

INFO:EDK:4211 - The following instances are synthesized with XST. The MPD option
   IMP_NETLIST=TRUE indicates that a NGC file is to be produced using XST
   synthesis. IMP_NETLIST=FALSE (default) instances are not synthesized. 
INSTANCE:ppc405_0 - /raid/home/akumar17/thesis/sdn_switch/edk/system.mhs line 42
- Running XST synthesis
INSTANCE:microblaze_0 - /raid/home/akumar17/thesis/sdn_switch/edk/system.mhs
line 58 - Running XST synthesis
INSTANCE:ilmb - /raid/home/akumar17/thesis/sdn_switch/edk/system.mhs line 74 -
Running XST synthesis
INSTANCE:dlmb - /raid/home/akumar17/thesis/sdn_switch/edk/system.mhs line 81 -
Running XST synthesis
INSTANCE:dlmb_cntlr - /raid/home/akumar17/thesis/sdn_switch/edk/system.mhs line
88 - Running XST synthesis
INSTANCE:ilmb_cntlr - /raid/home/akumar17/thesis/sdn_switch/edk/system.mhs line
97 - Running XST synthesis
INSTANCE:lmb_bram - /raid/home/akumar17/thesis/sdn_switch/edk/system.mhs line
106 - Running XST synthesis
INSTANCE:mdm_0 - /raid/home/akumar17/thesis/sdn_switch/edk/system.mhs line 113 -
Running XST synthesis
INSTANCE:plb - /raid/home/akumar17/thesis/sdn_switch/edk/system.mhs line 125 -
Running XST synthesis
INSTANCE:xps_bram_if_cntlr_1 -
/raid/home/akumar17/thesis/sdn_switch/edk/system.mhs line 134 - Running XST
synthesis
INSTANCE:plb_bram_if_cntlr_1_bram -
/raid/home/akumar17/thesis/sdn_switch/edk/system.mhs line 144 - Running XST
synthesis
INSTANCE:rs232_uart_1 - /raid/home/akumar17/thesis/sdn_switch/edk/system.mhs
line 150 - Running XST synthesis
INSTANCE:mgt_wrapper - /raid/home/akumar17/thesis/sdn_switch/edk/system.mhs line
165 - Running XST synthesis
INSTANCE:ddr2_sdram - /raid/home/akumar17/thesis/sdn_switch/edk/system.mhs line
188 - Running XST synthesis
INSTANCE:ppc405_0_iplb1 - /raid/home/akumar17/thesis/sdn_switch/edk/system.mhs
line 225 - Running XST synthesis
INSTANCE:ppc405_0_dplb1 - /raid/home/akumar17/thesis/sdn_switch/edk/system.mhs
line 232 - Running XST synthesis
INSTANCE:orgate_1 - /raid/home/akumar17/thesis/sdn_switch/edk/system.mhs line
239 - Running XST synthesis
INSTANCE:clock_generator_0 -
/raid/home/akumar17/thesis/sdn_switch/edk/system.mhs line 248 - Running XST
synthesis
INSTANCE:jtagppc_cntlr_inst -
/raid/home/akumar17/thesis/sdn_switch/edk/system.mhs line 273 - Running XST
synthesis
INSTANCE:proc_sys_reset_0 - /raid/home/akumar17/thesis/sdn_switch/edk/system.mhs
line 279 - Running XST synthesis
INSTANCE:xps_intc_0 - /raid/home/akumar17/thesis/sdn_switch/edk/system.mhs line
292 - Running XST synthesis
INSTANCE:xps_intc_1 - /raid/home/akumar17/thesis/sdn_switch/edk/system.mhs line
302 - Running XST synthesis
INSTANCE:sdn_switch_0 - /raid/home/akumar17/thesis/sdn_switch/edk/system.mhs
line 312 - Running XST synthesis
INSTANCE:fsl_switch_intf_0 -
/raid/home/akumar17/thesis/sdn_switch/edk/system.mhs line 346 - Running XST
synthesis
INSTANCE:fsl_v20_0 - /raid/home/akumar17/thesis/sdn_switch/edk/system.mhs line
359 - Running XST synthesis
INSTANCE:chipscope_icon_0 - /raid/home/akumar17/thesis/sdn_switch/edk/system.mhs
line 365 - Running XST synthesis
INSTANCE:chipscope_ila_0_sdn_switch_ip -
/raid/home/akumar17/thesis/sdn_switch/edk/system.mhs line 375 - Running XST
synthesis
INSTANCE:chipscope_ila_1_fsl_switch_intf -
/raid/home/akumar17/thesis/sdn_switch/edk/system.mhs line 388 - Running XST
synthesis
INSTANCE:sdn_ctlr_intf_0 - /raid/home/akumar17/thesis/sdn_switch/edk/system.mhs
line 401 - Running XST synthesis
INSTANCE:chipscope_vio_0 - /raid/home/akumar17/thesis/sdn_switch/edk/system.mhs
line 423 - Running XST synthesis
INSTANCE:chipscope_ila_0_sdn_switch_op -
/raid/home/akumar17/thesis/sdn_switch/edk/system.mhs line 434 - Running XST
synthesis

Running NGCBUILD ...
IPNAME:system_ppc405_0_wrapper INSTANCE:ppc405_0 -
/raid/home/akumar17/thesis/sdn_switch/edk/system.mhs line 42 - Running NGCBUILD
IPNAME:system_microblaze_0_wrapper INSTANCE:microblaze_0 -
/raid/home/akumar17/thesis/sdn_switch/edk/system.mhs line 58 - Running NGCBUILD
IPNAME:system_ilmb_wrapper INSTANCE:ilmb -
/raid/home/akumar17/thesis/sdn_switch/edk/system.mhs line 74 - Running NGCBUILD
IPNAME:system_dlmb_wrapper INSTANCE:dlmb -
/raid/home/akumar17/thesis/sdn_switch/edk/system.mhs line 81 - Running NGCBUILD
IPNAME:system_mgt_wrapper_wrapper INSTANCE:mgt_wrapper -
/raid/home/akumar17/thesis/sdn_switch/edk/system.mhs line 165 - Running NGCBUILD
IPNAME:system_ddr2_sdram_wrapper INSTANCE:ddr2_sdram -
/raid/home/akumar17/thesis/sdn_switch/edk/system.mhs line 188 - Running NGCBUILD
IPNAME:system_clock_generator_0_wrapper INSTANCE:clock_generator_0 -
/raid/home/akumar17/thesis/sdn_switch/edk/system.mhs line 248 - Running NGCBUILD
IPNAME:system_xps_intc_0_wrapper INSTANCE:xps_intc_0 -
/raid/home/akumar17/thesis/sdn_switch/edk/system.mhs line 292 - Running NGCBUILD
IPNAME:system_xps_intc_1_wrapper INSTANCE:xps_intc_1 -
/raid/home/akumar17/thesis/sdn_switch/edk/system.mhs line 302 - Running NGCBUILD
IPNAME:system_fsl_v20_0_wrapper INSTANCE:fsl_v20_0 -
/raid/home/akumar17/thesis/sdn_switch/edk/system.mhs line 359 - Running NGCBUILD
IPNAME:system_chipscope_icon_0_wrapper INSTANCE:chipscope_icon_0 -
/raid/home/akumar17/thesis/sdn_switch/edk/system.mhs line 365 - Running NGCBUILD
IPNAME:system_chipscope_ila_0_sdn_switch_ip_wrapper
INSTANCE:chipscope_ila_0_sdn_switch_ip -
/raid/home/akumar17/thesis/sdn_switch/edk/system.mhs line 375 - Running NGCBUILD
IPNAME:system_chipscope_ila_1_fsl_switch_intf_wrapper
INSTANCE:chipscope_ila_1_fsl_switch_intf -
/raid/home/akumar17/thesis/sdn_switch/edk/system.mhs line 388 - Running NGCBUILD
IPNAME:system_chipscope_vio_0_wrapper INSTANCE:chipscope_vio_0 -
/raid/home/akumar17/thesis/sdn_switch/edk/system.mhs line 423 - Running NGCBUILD
IPNAME:system_chipscope_ila_0_sdn_switch_op_wrapper
INSTANCE:chipscope_ila_0_sdn_switch_op -
/raid/home/akumar17/thesis/sdn_switch/edk/system.mhs line 434 - Running NGCBUILD
INFO:EDK:3509 - NCF files should not be modified as they will be regenerated.
   If any constraint needs to be overridden, this should be done by modifying
   the data/system.ucf file.

Rebuilding cache ...

Total run time: 1058.00 seconds
