
Checking platform configuration ...
IPNAME: lmb_v10, INSTANCE: ilmb - 1 master(s) : 1 slave(s) 
IPNAME: lmb_v10, INSTANCE: dlmb - 1 master(s) : 1 slave(s) 
IPNAME: plb_v46, INSTANCE: plb - 4 master(s) : 7 slave(s) 
IPNAME: plb_v46, INSTANCE: ppc405_0_iplb1 - 1 master(s) : 1 slave(s) 
IPNAME: plb_v46, INSTANCE: ppc405_0_dplb1 - 1 master(s) : 1 slave(s) 
IPNAME: fsl_v20, INSTANCE: fsl_v20_0 - 1 master(s) : 1 slave(s) 

Checking port drivers...
WARNING:EDK:4180 - PORT: FSL_S_Clk, CONNECTOR: fsl_v20_0_FSL_S_Clk - No driver
   found. Port will be driven to GND -
   /raid/home/akumar17/thesis/sdn_switch/edk/pcores/fsl_switch_intf_v1_00_a/data
   /fsl_switch_intf_v2_1_0.mpd line 27 
WARNING:EDK:4180 - PORT: tdi_in, CONNECTOR: bscan_tdi - No driver found. Port
   will be driven to GND -
   /raid/opt.x86_64/xilinx/14.5/ISE_DS/EDK/hw/XilinxProcessorIPLib/pcores/chipsc
   ope_icon_v1_06_a/data/chipscope_icon_v2_1_0.mpd line 101 
WARNING:EDK:4180 - PORT: reset_in, CONNECTOR: bscan_reset - No driver found.
   Port will be driven to GND -
   /raid/opt.x86_64/xilinx/14.5/ISE_DS/EDK/hw/XilinxProcessorIPLib/pcores/chipsc
   ope_icon_v1_06_a/data/chipscope_icon_v2_1_0.mpd line 102 
WARNING:EDK:4180 - PORT: shift_in, CONNECTOR: bscan_shift - No driver found.
   Port will be driven to GND -
   /raid/opt.x86_64/xilinx/14.5/ISE_DS/EDK/hw/XilinxProcessorIPLib/pcores/chipsc
   ope_icon_v1_06_a/data/chipscope_icon_v2_1_0.mpd line 103 
WARNING:EDK:4180 - PORT: update_in, CONNECTOR: bscan_update - No driver found.
   Port will be driven to GND -
   /raid/opt.x86_64/xilinx/14.5/ISE_DS/EDK/hw/XilinxProcessorIPLib/pcores/chipsc
   ope_icon_v1_06_a/data/chipscope_icon_v2_1_0.mpd line 104 
WARNING:EDK:4180 - PORT: sel_in, CONNECTOR: bscan_sel1 - No driver found. Port
   will be driven to GND -
   /raid/opt.x86_64/xilinx/14.5/ISE_DS/EDK/hw/XilinxProcessorIPLib/pcores/chipsc
   ope_icon_v1_06_a/data/chipscope_icon_v2_1_0.mpd line 105 
WARNING:EDK:4180 - PORT: drck_in, CONNECTOR: bscan_drck1 - No driver found. Port
   will be driven to GND -
   /raid/opt.x86_64/xilinx/14.5/ISE_DS/EDK/hw/XilinxProcessorIPLib/pcores/chipsc
   ope_icon_v1_06_a/data/chipscope_icon_v2_1_0.mpd line 106 
WARNING:EDK:4180 - PORT: capture_in, CONNECTOR: bscan_capture - No driver found.
   Port will be driven to GND -
   /raid/opt.x86_64/xilinx/14.5/ISE_DS/EDK/hw/XilinxProcessorIPLib/pcores/chipsc
   ope_icon_v1_06_a/data/chipscope_icon_v2_1_0.mpd line 107 
WARNING:EDK:4181 - PORT: Debug_SYS_Rst, CONNECTOR: Debug_SYS_Rst - floating
   connection - /raid/home/akumar17/thesis/sdn_switch/edk/system.mhs line 122 
WARNING:EDK:4181 - PORT: tdo_out, CONNECTOR: bscan_tdo1 - floating connection -
   /raid/opt.x86_64/xilinx/14.5/ISE_DS/EDK/hw/XilinxProcessorIPLib/pcores/chipsc
   ope_icon_v1_06_a/data/chipscope_icon_v2_1_0.mpd line 108 

Performing Clock DRCs...
INFO:EDK:4060 - INSTANCE: fsl_v20_0, PARAMETER: C_READ_CLOCK_PERIOD - Did not
   implement clock DRCs for the parameter. Top-level frequency could not be
   propagated to this IP. Please make sure that you have specified the frequency
   of the top-level clock port, and that the clocks are properly connected.

Performing Reset DRCs...

Overriding system level properties...
INFO:EDK:4130 - IPNAME: ppc405_virtex4, INSTANCE:ppc405_0 - tcl is overriding
   PARAMETER C_DPLB1_ADDR_BASE value to 0xa0000000 -
   /raid/opt.x86_64/xilinx/14.5/ISE_DS/EDK/hw/XilinxProcessorIPLib/pcores/ppc405
   _virtex4_v2_01_b/data/ppc405_virtex4_v2_1_0.mpd line 101 
INFO:EDK:4130 - IPNAME: ppc405_virtex4, INSTANCE:ppc405_0 - tcl is overriding
   PARAMETER C_DPLB1_ADDR_HIGH value to 0xbfffffff -
   /raid/opt.x86_64/xilinx/14.5/ISE_DS/EDK/hw/XilinxProcessorIPLib/pcores/ppc405
   _virtex4_v2_01_b/data/ppc405_virtex4_v2_1_0.mpd line 102 
INFO:EDK:4130 - IPNAME: ppc405_virtex4, INSTANCE:ppc405_0 - tcl is overriding
   PARAMETER C_IPLB1_ADDR_BASE value to 0xa0000000 -
   /raid/opt.x86_64/xilinx/14.5/ISE_DS/EDK/hw/XilinxProcessorIPLib/pcores/ppc405
   _virtex4_v2_01_b/data/ppc405_virtex4_v2_1_0.mpd line 103 
INFO:EDK:4130 - IPNAME: ppc405_virtex4, INSTANCE:ppc405_0 - tcl is overriding
   PARAMETER C_IPLB1_ADDR_HIGH value to 0xbfffffff -
   /raid/opt.x86_64/xilinx/14.5/ISE_DS/EDK/hw/XilinxProcessorIPLib/pcores/ppc405
   _virtex4_v2_01_b/data/ppc405_virtex4_v2_1_0.mpd line 104 
WARNING:EDK:4083 - IPNAME: ppc405_virtex4, INSTANCE: ppc405_0 -  PARAMETER:
   C_FASTEST_PLB_CLOCK has value DPLB1 specified in MHS, but tcl is overriding
   the value to DPLB0 - /raid/home/akumar17/thesis/sdn_switch/edk/system.mhs
   line 44 
INFO:EDK:4130 - IPNAME: microblaze, INSTANCE:microblaze_0 - tcl is overriding
   PARAMETER C_D_PLB value to 1 -
   /raid/opt.x86_64/xilinx/14.5/ISE_DS/EDK/hw/XilinxProcessorIPLib/pcores/microb
   laze_v8_50_a/data/microblaze_v2_1_0.mpd line 233 
INFO:EDK:4130 - IPNAME: microblaze, INSTANCE:microblaze_0 - tcl is overriding
   PARAMETER C_I_PLB value to 1 -
   /raid/opt.x86_64/xilinx/14.5/ISE_DS/EDK/hw/XilinxProcessorIPLib/pcores/microb
   laze_v8_50_a/data/microblaze_v2_1_0.mpd line 236 
INFO:EDK:4130 - IPNAME: microblaze, INSTANCE:microblaze_0 - tcl is overriding
   PARAMETER C_ADDR_TAG_BITS value to 0 -
   /raid/opt.x86_64/xilinx/14.5/ISE_DS/EDK/hw/XilinxProcessorIPLib/pcores/microb
   laze_v8_50_a/data/microblaze_v2_1_0.mpd line 337 
INFO:EDK:4130 - IPNAME: microblaze, INSTANCE:microblaze_0 - tcl is overriding
   PARAMETER C_DCACHE_ADDR_TAG value to 0 -
   /raid/opt.x86_64/xilinx/14.5/ISE_DS/EDK/hw/XilinxProcessorIPLib/pcores/microb
   laze_v8_50_a/data/microblaze_v2_1_0.mpd line 367 
INFO:EDK:4130 - IPNAME: microblaze, INSTANCE:microblaze_0 - tcl is overriding
   PARAMETER C_USE_INTERRUPT value to 1 -
   /raid/opt.x86_64/xilinx/14.5/ISE_DS/EDK/hw/XilinxProcessorIPLib/pcores/microb
   laze_v8_50_a/data/microblaze_v2_1_0.mpd line 401 
INFO:EDK:4130 - IPNAME: microblaze, INSTANCE:microblaze_0 - tcl is overriding
   PARAMETER C_USE_EXT_BRK value to 1 -
   /raid/opt.x86_64/xilinx/14.5/ISE_DS/EDK/hw/XilinxProcessorIPLib/pcores/microb
   laze_v8_50_a/data/microblaze_v2_1_0.mpd line 402 
INFO:EDK:4130 - IPNAME: microblaze, INSTANCE:microblaze_0 - tcl is overriding
   PARAMETER C_USE_EXT_NM_BRK value to 1 -
   /raid/opt.x86_64/xilinx/14.5/ISE_DS/EDK/hw/XilinxProcessorIPLib/pcores/microb
   laze_v8_50_a/data/microblaze_v2_1_0.mpd line 403 
INFO:EDK:4130 - IPNAME: lmb_bram_if_cntlr, INSTANCE:dlmb_cntlr - tcl is
   overriding PARAMETER C_MASK value to 0x80000000 -
   /raid/opt.x86_64/xilinx/14.5/ISE_DS/EDK/hw/XilinxProcessorIPLib/pcores/lmb_br
   am_if_cntlr_v3_10_c/data/lmb_bram_if_cntlr_v2_1_0.mpd line 92 
INFO:EDK:4130 - IPNAME: lmb_bram_if_cntlr, INSTANCE:ilmb_cntlr - tcl is
   overriding PARAMETER C_MASK value to 0x80000000 -
   /raid/opt.x86_64/xilinx/14.5/ISE_DS/EDK/hw/XilinxProcessorIPLib/pcores/lmb_br
   am_if_cntlr_v3_10_c/data/lmb_bram_if_cntlr_v2_1_0.mpd line 92 
INFO:EDK:4130 - IPNAME: mpmc, INSTANCE:DDR2_SDRAM - tcl is overriding PARAMETER
   C_PIM0_SUBTYPE value to IPLB -
   /raid/opt.x86_64/xilinx/14.5/ISE_DS/EDK/hw/XilinxProcessorIPLib/pcores/mpmc_v
   6_06_a/data/mpmc_v2_1_0.mpd line 356 
INFO:EDK:4130 - IPNAME: mpmc, INSTANCE:DDR2_SDRAM - tcl is overriding PARAMETER
   C_PIM0_B_SUBTYPE value to IPLB -
   /raid/opt.x86_64/xilinx/14.5/ISE_DS/EDK/hw/XilinxProcessorIPLib/pcores/mpmc_v
   6_06_a/data/mpmc_v2_1_0.mpd line 361 
INFO:EDK:4130 - IPNAME: mpmc, INSTANCE:DDR2_SDRAM - tcl is overriding PARAMETER
   C_PIM1_SUBTYPE value to DPLB -
   /raid/opt.x86_64/xilinx/14.5/ISE_DS/EDK/hw/XilinxProcessorIPLib/pcores/mpmc_v
   6_06_a/data/mpmc_v2_1_0.mpd line 407 
INFO:EDK:4130 - IPNAME: mpmc, INSTANCE:DDR2_SDRAM - tcl is overriding PARAMETER
   C_PIM1_B_SUBTYPE value to DPLB -
   /raid/opt.x86_64/xilinx/14.5/ISE_DS/EDK/hw/XilinxProcessorIPLib/pcores/mpmc_v
   6_06_a/data/mpmc_v2_1_0.mpd line 412 
INFO:EDK:4130 - IPNAME: mpmc, INSTANCE:DDR2_SDRAM - tcl is overriding PARAMETER
   C_PIM2_SUBTYPE value to PLB -
   /raid/opt.x86_64/xilinx/14.5/ISE_DS/EDK/hw/XilinxProcessorIPLib/pcores/mpmc_v
   6_06_a/data/mpmc_v2_1_0.mpd line 458 
INFO:EDK:4130 - IPNAME: mpmc, INSTANCE:DDR2_SDRAM - tcl is overriding PARAMETER
   C_PIM2_B_SUBTYPE value to PLB -
   /raid/opt.x86_64/xilinx/14.5/ISE_DS/EDK/hw/XilinxProcessorIPLib/pcores/mpmc_v
   6_06_a/data/mpmc_v2_1_0.mpd line 463 
INFO:EDK:4130 - IPNAME: mpmc, INSTANCE:DDR2_SDRAM - tcl is overriding PARAMETER
   C_WR_TRAINING_PORT value to 1 -
   /raid/opt.x86_64/xilinx/14.5/ISE_DS/EDK/hw/XilinxProcessorIPLib/pcores/mpmc_v
   6_06_a/data/mpmc_v2_1_0.mpd line 759 
INFO:EDK:4130 - IPNAME: mpmc, INSTANCE:DDR2_SDRAM - tcl is overriding PARAMETER
   C_TWR value to 15000 -
   /raid/opt.x86_64/xilinx/14.5/ISE_DS/EDK/hw/XilinxProcessorIPLib/pcores/mpmc_v
   6_06_a/data/mpmc_v2_1_0.mpd line 769 
INFO:EDK:4130 - IPNAME: mpmc, INSTANCE:DDR2_SDRAM - tcl is overriding PARAMETER
   C_CTRL_IS_WRITE_INDEX value to 1 -
   /raid/opt.x86_64/xilinx/14.5/ISE_DS/EDK/hw/XilinxProcessorIPLib/pcores/mpmc_v
   6_06_a/data/mpmc_v2_1_0.mpd line 771 
INFO:EDK:4130 - IPNAME: mpmc, INSTANCE:DDR2_SDRAM - tcl is overriding PARAMETER
   C_CTRL_PHYIF_RAS_N_INDEX value to 2 -
   /raid/opt.x86_64/xilinx/14.5/ISE_DS/EDK/hw/XilinxProcessorIPLib/pcores/mpmc_v
   6_06_a/data/mpmc_v2_1_0.mpd line 772 
INFO:EDK:4130 - IPNAME: mpmc, INSTANCE:DDR2_SDRAM - tcl is overriding PARAMETER
   C_CTRL_PHYIF_CAS_N_INDEX value to 3 -
   /raid/opt.x86_64/xilinx/14.5/ISE_DS/EDK/hw/XilinxProcessorIPLib/pcores/mpmc_v
   6_06_a/data/mpmc_v2_1_0.mpd line 773 
INFO:EDK:4130 - IPNAME: mpmc, INSTANCE:DDR2_SDRAM - tcl is overriding PARAMETER
   C_CTRL_PHYIF_WE_N_INDEX value to 4 -
   /raid/opt.x86_64/xilinx/14.5/ISE_DS/EDK/hw/XilinxProcessorIPLib/pcores/mpmc_v
   6_06_a/data/mpmc_v2_1_0.mpd line 774 
INFO:EDK:4130 - IPNAME: mpmc, INSTANCE:DDR2_SDRAM - tcl is overriding PARAMETER
   C_CTRL_RMW_INDEX value to 6 -
   /raid/opt.x86_64/xilinx/14.5/ISE_DS/EDK/hw/XilinxProcessorIPLib/pcores/mpmc_v
   6_06_a/data/mpmc_v2_1_0.mpd line 775 
INFO:EDK:4130 - IPNAME: mpmc, INSTANCE:DDR2_SDRAM - tcl is overriding PARAMETER
   C_CTRL_SKIP_0_INDEX value to 7 -
   /raid/opt.x86_64/xilinx/14.5/ISE_DS/EDK/hw/XilinxProcessorIPLib/pcores/mpmc_v
   6_06_a/data/mpmc_v2_1_0.mpd line 776 
INFO:EDK:4130 - IPNAME: mpmc, INSTANCE:DDR2_SDRAM - tcl is overriding PARAMETER
   C_CTRL_PHYIF_DQS_O_INDEX value to 8 -
   /raid/opt.x86_64/xilinx/14.5/ISE_DS/EDK/hw/XilinxProcessorIPLib/pcores/mpmc_v
   6_06_a/data/mpmc_v2_1_0.mpd line 777 
INFO:EDK:4130 - IPNAME: mpmc, INSTANCE:DDR2_SDRAM - tcl is overriding PARAMETER
   C_CTRL_SKIP_1_INDEX value to 9 -
   /raid/opt.x86_64/xilinx/14.5/ISE_DS/EDK/hw/XilinxProcessorIPLib/pcores/mpmc_v
   6_06_a/data/mpmc_v2_1_0.mpd line 778 
INFO:EDK:4130 - IPNAME: mpmc, INSTANCE:DDR2_SDRAM - tcl is overriding PARAMETER
   C_CTRL_DP_RDFIFO_PUSH_INDEX value to 10 -
   /raid/opt.x86_64/xilinx/14.5/ISE_DS/EDK/hw/XilinxProcessorIPLib/pcores/mpmc_v
   6_06_a/data/mpmc_v2_1_0.mpd line 779 
INFO:EDK:4130 - IPNAME: mpmc, INSTANCE:DDR2_SDRAM - tcl is overriding PARAMETER
   C_CTRL_SKIP_2_INDEX value to 11 -
   /raid/opt.x86_64/xilinx/14.5/ISE_DS/EDK/hw/XilinxProcessorIPLib/pcores/mpmc_v
   6_06_a/data/mpmc_v2_1_0.mpd line 780 
INFO:EDK:4130 - IPNAME: mpmc, INSTANCE:DDR2_SDRAM - tcl is overriding PARAMETER
   C_CTRL_AP_COL_CNT_LOAD_INDEX value to 12 -
   /raid/opt.x86_64/xilinx/14.5/ISE_DS/EDK/hw/XilinxProcessorIPLib/pcores/mpmc_v
   6_06_a/data/mpmc_v2_1_0.mpd line 781 
INFO:EDK:4130 - IPNAME: mpmc, INSTANCE:DDR2_SDRAM - tcl is overriding PARAMETER
   C_CTRL_AP_COL_CNT_ENABLE_INDEX value to 13 -
   /raid/opt.x86_64/xilinx/14.5/ISE_DS/EDK/hw/XilinxProcessorIPLib/pcores/mpmc_v
   6_06_a/data/mpmc_v2_1_0.mpd line 782 
INFO:EDK:4130 - IPNAME: mpmc, INSTANCE:DDR2_SDRAM - tcl is overriding PARAMETER
   C_CTRL_AP_PRECHARGE_ADDR10_INDEX value to 14 -
   /raid/opt.x86_64/xilinx/14.5/ISE_DS/EDK/hw/XilinxProcessorIPLib/pcores/mpmc_v
   6_06_a/data/mpmc_v2_1_0.mpd line 783 
INFO:EDK:4130 - IPNAME: mpmc, INSTANCE:DDR2_SDRAM - tcl is overriding PARAMETER
   C_CTRL_AP_ROW_COL_SEL_INDEX value to 15 -
   /raid/opt.x86_64/xilinx/14.5/ISE_DS/EDK/hw/XilinxProcessorIPLib/pcores/mpmc_v
   6_06_a/data/mpmc_v2_1_0.mpd line 784 
INFO:EDK:4130 - IPNAME: mpmc, INSTANCE:DDR2_SDRAM - tcl is overriding PARAMETER
   C_CTRL_PHYIF_FORCE_DM_INDEX value to 16 -
   /raid/opt.x86_64/xilinx/14.5/ISE_DS/EDK/hw/XilinxProcessorIPLib/pcores/mpmc_v
   6_06_a/data/mpmc_v2_1_0.mpd line 785 
INFO:EDK:4130 - IPNAME: mpmc, INSTANCE:DDR2_SDRAM - tcl is overriding PARAMETER
   C_CTRL_REPEAT4_INDEX value to 17 -
   /raid/opt.x86_64/xilinx/14.5/ISE_DS/EDK/hw/XilinxProcessorIPLib/pcores/mpmc_v
   6_06_a/data/mpmc_v2_1_0.mpd line 786 
INFO:EDK:4130 - IPNAME: mpmc, INSTANCE:DDR2_SDRAM - tcl is overriding PARAMETER
   C_CTRL_ARB_RDMODWR_DELAY value to 3 -
   /raid/opt.x86_64/xilinx/14.5/ISE_DS/EDK/hw/XilinxProcessorIPLib/pcores/mpmc_v
   6_06_a/data/mpmc_v2_1_0.mpd line 797 
INFO:EDK:4130 - IPNAME: mpmc, INSTANCE:DDR2_SDRAM - tcl is overriding PARAMETER
   C_CTRL_AP_COL_DELAY value to 1 -
   /raid/opt.x86_64/xilinx/14.5/ISE_DS/EDK/hw/XilinxProcessorIPLib/pcores/mpmc_v
   6_06_a/data/mpmc_v2_1_0.mpd line 798 
INFO:EDK:4130 - IPNAME: mpmc, INSTANCE:DDR2_SDRAM - tcl is overriding PARAMETER
   C_CTRL_DP_LOAD_RDWDADDR_DELAY value to 2 -
   /raid/opt.x86_64/xilinx/14.5/ISE_DS/EDK/hw/XilinxProcessorIPLib/pcores/mpmc_v
   6_06_a/data/mpmc_v2_1_0.mpd line 802 
INFO:EDK:4130 - IPNAME: mpmc, INSTANCE:DDR2_SDRAM - tcl is overriding PARAMETER
   C_CTRL_DP_RDFIFO_WHICHPORT_DELAY value to 12 -
   /raid/opt.x86_64/xilinx/14.5/ISE_DS/EDK/hw/XilinxProcessorIPLib/pcores/mpmc_v
   6_06_a/data/mpmc_v2_1_0.mpd line 803 
INFO:EDK:4130 - IPNAME: mpmc, INSTANCE:DDR2_SDRAM - tcl is overriding PARAMETER
   C_CTRL_DP_SIZE_DELAY value to 2 -
   /raid/opt.x86_64/xilinx/14.5/ISE_DS/EDK/hw/XilinxProcessorIPLib/pcores/mpmc_v
   6_06_a/data/mpmc_v2_1_0.mpd line 804 
INFO:EDK:4130 - IPNAME: mpmc, INSTANCE:DDR2_SDRAM - tcl is overriding PARAMETER
   C_CTRL_DP_WRFIFO_WHICHPORT_DELAY value to 4 -
   /raid/opt.x86_64/xilinx/14.5/ISE_DS/EDK/hw/XilinxProcessorIPLib/pcores/mpmc_v
   6_06_a/data/mpmc_v2_1_0.mpd line 805 
INFO:EDK:4130 - IPNAME: mpmc, INSTANCE:DDR2_SDRAM - tcl is overriding PARAMETER
   C_CTRL_PHYIF_DUMMYREADSTART_DELAY value to 5 -
   /raid/opt.x86_64/xilinx/14.5/ISE_DS/EDK/hw/XilinxProcessorIPLib/pcores/mpmc_v
   6_06_a/data/mpmc_v2_1_0.mpd line 806 
INFO:EDK:4130 - IPNAME: mpmc, INSTANCE:DDR2_SDRAM - tcl is overriding PARAMETER
   C_CTRL_Q0_DELAY value to 1 -
   /raid/opt.x86_64/xilinx/14.5/ISE_DS/EDK/hw/XilinxProcessorIPLib/pcores/mpmc_v
   6_06_a/data/mpmc_v2_1_0.mpd line 807 
INFO:EDK:4130 - IPNAME: mpmc, INSTANCE:DDR2_SDRAM - tcl is overriding PARAMETER
   C_CTRL_Q1_DELAY value to 1 -
   /raid/opt.x86_64/xilinx/14.5/ISE_DS/EDK/hw/XilinxProcessorIPLib/pcores/mpmc_v
   6_06_a/data/mpmc_v2_1_0.mpd line 808 
INFO:EDK:4130 - IPNAME: mpmc, INSTANCE:DDR2_SDRAM - tcl is overriding PARAMETER
   C_CTRL_Q2_DELAY value to 2 -
   /raid/opt.x86_64/xilinx/14.5/ISE_DS/EDK/hw/XilinxProcessorIPLib/pcores/mpmc_v
   6_06_a/data/mpmc_v2_1_0.mpd line 809 
INFO:EDK:4130 - IPNAME: mpmc, INSTANCE:DDR2_SDRAM - tcl is overriding PARAMETER
   C_CTRL_Q3_DELAY value to 2 -
   /raid/opt.x86_64/xilinx/14.5/ISE_DS/EDK/hw/XilinxProcessorIPLib/pcores/mpmc_v
   6_06_a/data/mpmc_v2_1_0.mpd line 810 
INFO:EDK:4130 - IPNAME: mpmc, INSTANCE:DDR2_SDRAM - tcl is overriding PARAMETER
   C_CTRL_Q4_DELAY value to 2 -
   /raid/opt.x86_64/xilinx/14.5/ISE_DS/EDK/hw/XilinxProcessorIPLib/pcores/mpmc_v
   6_06_a/data/mpmc_v2_1_0.mpd line 811 
INFO:EDK:4130 - IPNAME: mpmc, INSTANCE:DDR2_SDRAM - tcl is overriding PARAMETER
   C_CTRL_Q6_DELAY value to 5 -
   /raid/opt.x86_64/xilinx/14.5/ISE_DS/EDK/hw/XilinxProcessorIPLib/pcores/mpmc_v
   6_06_a/data/mpmc_v2_1_0.mpd line 813 
INFO:EDK:4130 - IPNAME: mpmc, INSTANCE:DDR2_SDRAM - tcl is overriding PARAMETER
   C_CTRL_Q7_DELAY value to 1 -
   /raid/opt.x86_64/xilinx/14.5/ISE_DS/EDK/hw/XilinxProcessorIPLib/pcores/mpmc_v
   6_06_a/data/mpmc_v2_1_0.mpd line 814 
INFO:EDK:4130 - IPNAME: mpmc, INSTANCE:DDR2_SDRAM - tcl is overriding PARAMETER
   C_CTRL_Q8_DELAY value to 1 -
   /raid/opt.x86_64/xilinx/14.5/ISE_DS/EDK/hw/XilinxProcessorIPLib/pcores/mpmc_v
   6_06_a/data/mpmc_v2_1_0.mpd line 815 
INFO:EDK:4130 - IPNAME: mpmc, INSTANCE:DDR2_SDRAM - tcl is overriding PARAMETER
   C_CTRL_Q9_DELAY value to 1 -
   /raid/opt.x86_64/xilinx/14.5/ISE_DS/EDK/hw/XilinxProcessorIPLib/pcores/mpmc_v
   6_06_a/data/mpmc_v2_1_0.mpd line 816 
INFO:EDK:4130 - IPNAME: mpmc, INSTANCE:DDR2_SDRAM - tcl is overriding PARAMETER
   C_CTRL_Q10_DELAY value to 1 -
   /raid/opt.x86_64/xilinx/14.5/ISE_DS/EDK/hw/XilinxProcessorIPLib/pcores/mpmc_v
   6_06_a/data/mpmc_v2_1_0.mpd line 817 
INFO:EDK:4130 - IPNAME: mpmc, INSTANCE:DDR2_SDRAM - tcl is overriding PARAMETER
   C_CTRL_Q11_DELAY value to 1 -
   /raid/opt.x86_64/xilinx/14.5/ISE_DS/EDK/hw/XilinxProcessorIPLib/pcores/mpmc_v
   6_06_a/data/mpmc_v2_1_0.mpd line 818 
INFO:EDK:4130 - IPNAME: mpmc, INSTANCE:DDR2_SDRAM - tcl is overriding PARAMETER
   C_CTRL_Q12_DELAY value to 1 -
   /raid/opt.x86_64/xilinx/14.5/ISE_DS/EDK/hw/XilinxProcessorIPLib/pcores/mpmc_v
   6_06_a/data/mpmc_v2_1_0.mpd line 819 
INFO:EDK:4130 - IPNAME: mpmc, INSTANCE:DDR2_SDRAM - tcl is overriding PARAMETER
   C_CTRL_Q13_DELAY value to 1 -
   /raid/opt.x86_64/xilinx/14.5/ISE_DS/EDK/hw/XilinxProcessorIPLib/pcores/mpmc_v
   6_06_a/data/mpmc_v2_1_0.mpd line 820 
INFO:EDK:4130 - IPNAME: mpmc, INSTANCE:DDR2_SDRAM - tcl is overriding PARAMETER
   C_CTRL_Q14_DELAY value to 1 -
   /raid/opt.x86_64/xilinx/14.5/ISE_DS/EDK/hw/XilinxProcessorIPLib/pcores/mpmc_v
   6_06_a/data/mpmc_v2_1_0.mpd line 821 
INFO:EDK:4130 - IPNAME: mpmc, INSTANCE:DDR2_SDRAM - tcl is overriding PARAMETER
   C_CTRL_Q15_DELAY value to 1 -
   /raid/opt.x86_64/xilinx/14.5/ISE_DS/EDK/hw/XilinxProcessorIPLib/pcores/mpmc_v
   6_06_a/data/mpmc_v2_1_0.mpd line 822 
INFO:EDK:4130 - IPNAME: mpmc, INSTANCE:DDR2_SDRAM - tcl is overriding PARAMETER
   C_CTRL_Q16_DELAY value to 2 -
   /raid/opt.x86_64/xilinx/14.5/ISE_DS/EDK/hw/XilinxProcessorIPLib/pcores/mpmc_v
   6_06_a/data/mpmc_v2_1_0.mpd line 823 
INFO:EDK:4130 - IPNAME: mpmc, INSTANCE:DDR2_SDRAM - tcl is overriding PARAMETER
   C_CTRL_Q17_DELAY value to 1 -
   /raid/opt.x86_64/xilinx/14.5/ISE_DS/EDK/hw/XilinxProcessorIPLib/pcores/mpmc_v
   6_06_a/data/mpmc_v2_1_0.mpd line 824 
INFO:EDK:4130 - IPNAME: mpmc, INSTANCE:DDR2_SDRAM - tcl is overriding PARAMETER
   C_SKIP_1_VALUE value to 0x001 -
   /raid/opt.x86_64/xilinx/14.5/ISE_DS/EDK/hw/XilinxProcessorIPLib/pcores/mpmc_v
   6_06_a/data/mpmc_v2_1_0.mpd line 843 
INFO:EDK:4130 - IPNAME: mpmc, INSTANCE:DDR2_SDRAM - tcl is overriding PARAMETER
   C_SKIP_2_VALUE value to 0x001 -
   /raid/opt.x86_64/xilinx/14.5/ISE_DS/EDK/hw/XilinxProcessorIPLib/pcores/mpmc_v
   6_06_a/data/mpmc_v2_1_0.mpd line 844 
INFO:EDK:4130 - IPNAME: mpmc, INSTANCE:DDR2_SDRAM - tcl is overriding PARAMETER
   C_SKIP_3_VALUE value to 0x001 -
   /raid/opt.x86_64/xilinx/14.5/ISE_DS/EDK/hw/XilinxProcessorIPLib/pcores/mpmc_v
   6_06_a/data/mpmc_v2_1_0.mpd line 845 
INFO:EDK:4130 - IPNAME: mpmc, INSTANCE:DDR2_SDRAM - tcl is overriding PARAMETER
   C_SKIP_4_VALUE value to 0x001 -
   /raid/opt.x86_64/xilinx/14.5/ISE_DS/EDK/hw/XilinxProcessorIPLib/pcores/mpmc_v
   6_06_a/data/mpmc_v2_1_0.mpd line 846 
INFO:EDK:4130 - IPNAME: mpmc, INSTANCE:DDR2_SDRAM - tcl is overriding PARAMETER
   C_SKIP_5_VALUE value to 0x001 -
   /raid/opt.x86_64/xilinx/14.5/ISE_DS/EDK/hw/XilinxProcessorIPLib/pcores/mpmc_v
   6_06_a/data/mpmc_v2_1_0.mpd line 847 
INFO:EDK:4130 - IPNAME: mpmc, INSTANCE:DDR2_SDRAM - tcl is overriding PARAMETER
   C_SKIP_6_VALUE value to 0x001 -
   /raid/opt.x86_64/xilinx/14.5/ISE_DS/EDK/hw/XilinxProcessorIPLib/pcores/mpmc_v
   6_06_a/data/mpmc_v2_1_0.mpd line 848 
INFO:EDK:4130 - IPNAME: mpmc, INSTANCE:DDR2_SDRAM - tcl is overriding PARAMETER
   C_SKIP_7_VALUE value to 0x001 -
   /raid/opt.x86_64/xilinx/14.5/ISE_DS/EDK/hw/XilinxProcessorIPLib/pcores/mpmc_v
   6_06_a/data/mpmc_v2_1_0.mpd line 849 
INFO:EDK:4130 - IPNAME: mpmc, INSTANCE:DDR2_SDRAM - tcl is overriding PARAMETER
   C_B64_REPEAT_CNT value to 2 -
   /raid/opt.x86_64/xilinx/14.5/ISE_DS/EDK/hw/XilinxProcessorIPLib/pcores/mpmc_v
   6_06_a/data/mpmc_v2_1_0.mpd line 852 
INFO:EDK:4130 - IPNAME: mpmc, INSTANCE:DDR2_SDRAM - tcl is overriding PARAMETER
   C_HIGHADDR_CTRL0 value to 0x00e -
   /raid/opt.x86_64/xilinx/14.5/ISE_DS/EDK/hw/XilinxProcessorIPLib/pcores/mpmc_v
   6_06_a/data/mpmc_v2_1_0.mpd line 855 
INFO:EDK:4130 - IPNAME: mpmc, INSTANCE:DDR2_SDRAM - tcl is overriding PARAMETER
   C_BASEADDR_CTRL1 value to 0x00f -
   /raid/opt.x86_64/xilinx/14.5/ISE_DS/EDK/hw/XilinxProcessorIPLib/pcores/mpmc_v
   6_06_a/data/mpmc_v2_1_0.mpd line 856 
INFO:EDK:4130 - IPNAME: mpmc, INSTANCE:DDR2_SDRAM - tcl is overriding PARAMETER
   C_HIGHADDR_CTRL1 value to 0x01a -
   /raid/opt.x86_64/xilinx/14.5/ISE_DS/EDK/hw/XilinxProcessorIPLib/pcores/mpmc_v
   6_06_a/data/mpmc_v2_1_0.mpd line 857 
INFO:EDK:4130 - IPNAME: mpmc, INSTANCE:DDR2_SDRAM - tcl is overriding PARAMETER
   C_BASEADDR_CTRL2 value to 0x01b -
   /raid/opt.x86_64/xilinx/14.5/ISE_DS/EDK/hw/XilinxProcessorIPLib/pcores/mpmc_v
   6_06_a/data/mpmc_v2_1_0.mpd line 858 
INFO:EDK:4130 - IPNAME: mpmc, INSTANCE:DDR2_SDRAM - tcl is overriding PARAMETER
   C_HIGHADDR_CTRL2 value to 0x029 -
   /raid/opt.x86_64/xilinx/14.5/ISE_DS/EDK/hw/XilinxProcessorIPLib/pcores/mpmc_v
   6_06_a/data/mpmc_v2_1_0.mpd line 859 
INFO:EDK:4130 - IPNAME: mpmc, INSTANCE:DDR2_SDRAM - tcl is overriding PARAMETER
   C_BASEADDR_CTRL3 value to 0x02a -
   /raid/opt.x86_64/xilinx/14.5/ISE_DS/EDK/hw/XilinxProcessorIPLib/pcores/mpmc_v
   6_06_a/data/mpmc_v2_1_0.mpd line 860 
INFO:EDK:4130 - IPNAME: mpmc, INSTANCE:DDR2_SDRAM - tcl is overriding PARAMETER
   C_HIGHADDR_CTRL3 value to 0x035 -
   /raid/opt.x86_64/xilinx/14.5/ISE_DS/EDK/hw/XilinxProcessorIPLib/pcores/mpmc_v
   6_06_a/data/mpmc_v2_1_0.mpd line 861 
INFO:EDK:4130 - IPNAME: mpmc, INSTANCE:DDR2_SDRAM - tcl is overriding PARAMETER
   C_BASEADDR_CTRL4 value to 0x036 -
   /raid/opt.x86_64/xilinx/14.5/ISE_DS/EDK/hw/XilinxProcessorIPLib/pcores/mpmc_v
   6_06_a/data/mpmc_v2_1_0.mpd line 862 
INFO:EDK:4130 - IPNAME: mpmc, INSTANCE:DDR2_SDRAM - tcl is overriding PARAMETER
   C_HIGHADDR_CTRL4 value to 0x044 -
   /raid/opt.x86_64/xilinx/14.5/ISE_DS/EDK/hw/XilinxProcessorIPLib/pcores/mpmc_v
   6_06_a/data/mpmc_v2_1_0.mpd line 863 
INFO:EDK:4130 - IPNAME: mpmc, INSTANCE:DDR2_SDRAM - tcl is overriding PARAMETER
   C_BASEADDR_CTRL5 value to 0x045 -
   /raid/opt.x86_64/xilinx/14.5/ISE_DS/EDK/hw/XilinxProcessorIPLib/pcores/mpmc_v
   6_06_a/data/mpmc_v2_1_0.mpd line 864 
INFO:EDK:4130 - IPNAME: mpmc, INSTANCE:DDR2_SDRAM - tcl is overriding PARAMETER
   C_HIGHADDR_CTRL5 value to 0x050 -
   /raid/opt.x86_64/xilinx/14.5/ISE_DS/EDK/hw/XilinxProcessorIPLib/pcores/mpmc_v
   6_06_a/data/mpmc_v2_1_0.mpd line 865 
INFO:EDK:4130 - IPNAME: mpmc, INSTANCE:DDR2_SDRAM - tcl is overriding PARAMETER
   C_BASEADDR_CTRL6 value to 0x051 -
   /raid/opt.x86_64/xilinx/14.5/ISE_DS/EDK/hw/XilinxProcessorIPLib/pcores/mpmc_v
   6_06_a/data/mpmc_v2_1_0.mpd line 866 
INFO:EDK:4130 - IPNAME: mpmc, INSTANCE:DDR2_SDRAM - tcl is overriding PARAMETER
   C_HIGHADDR_CTRL6 value to 0x05f -
   /raid/opt.x86_64/xilinx/14.5/ISE_DS/EDK/hw/XilinxProcessorIPLib/pcores/mpmc_v
   6_06_a/data/mpmc_v2_1_0.mpd line 867 
INFO:EDK:4130 - IPNAME: mpmc, INSTANCE:DDR2_SDRAM - tcl is overriding PARAMETER
   C_BASEADDR_CTRL7 value to 0x060 -
   /raid/opt.x86_64/xilinx/14.5/ISE_DS/EDK/hw/XilinxProcessorIPLib/pcores/mpmc_v
   6_06_a/data/mpmc_v2_1_0.mpd line 868 
INFO:EDK:4130 - IPNAME: mpmc, INSTANCE:DDR2_SDRAM - tcl is overriding PARAMETER
   C_HIGHADDR_CTRL7 value to 0x06b -
   /raid/opt.x86_64/xilinx/14.5/ISE_DS/EDK/hw/XilinxProcessorIPLib/pcores/mpmc_v
   6_06_a/data/mpmc_v2_1_0.mpd line 869 
INFO:EDK:4130 - IPNAME: mpmc, INSTANCE:DDR2_SDRAM - tcl is overriding PARAMETER
   C_BASEADDR_CTRL8 value to 0x06c -
   /raid/opt.x86_64/xilinx/14.5/ISE_DS/EDK/hw/XilinxProcessorIPLib/pcores/mpmc_v
   6_06_a/data/mpmc_v2_1_0.mpd line 870 
INFO:EDK:4130 - IPNAME: mpmc, INSTANCE:DDR2_SDRAM - tcl is overriding PARAMETER
   C_HIGHADDR_CTRL8 value to 0x07c -
   /raid/opt.x86_64/xilinx/14.5/ISE_DS/EDK/hw/XilinxProcessorIPLib/pcores/mpmc_v
   6_06_a/data/mpmc_v2_1_0.mpd line 871 
INFO:EDK:4130 - IPNAME: mpmc, INSTANCE:DDR2_SDRAM - tcl is overriding PARAMETER
   C_BASEADDR_CTRL9 value to 0x07d -
   /raid/opt.x86_64/xilinx/14.5/ISE_DS/EDK/hw/XilinxProcessorIPLib/pcores/mpmc_v
   6_06_a/data/mpmc_v2_1_0.mpd line 872 
INFO:EDK:4130 - IPNAME: mpmc, INSTANCE:DDR2_SDRAM - tcl is overriding PARAMETER
   C_HIGHADDR_CTRL9 value to 0x088 -
   /raid/opt.x86_64/xilinx/14.5/ISE_DS/EDK/hw/XilinxProcessorIPLib/pcores/mpmc_v
   6_06_a/data/mpmc_v2_1_0.mpd line 873 
INFO:EDK:4130 - IPNAME: mpmc, INSTANCE:DDR2_SDRAM - tcl is overriding PARAMETER
   C_BASEADDR_CTRL10 value to 0x089 -
   /raid/opt.x86_64/xilinx/14.5/ISE_DS/EDK/hw/XilinxProcessorIPLib/pcores/mpmc_v
   6_06_a/data/mpmc_v2_1_0.mpd line 874 
INFO:EDK:4130 - IPNAME: mpmc, INSTANCE:DDR2_SDRAM - tcl is overriding PARAMETER
   C_HIGHADDR_CTRL10 value to 0x09d -
   /raid/opt.x86_64/xilinx/14.5/ISE_DS/EDK/hw/XilinxProcessorIPLib/pcores/mpmc_v
   6_06_a/data/mpmc_v2_1_0.mpd line 875 
INFO:EDK:4130 - IPNAME: mpmc, INSTANCE:DDR2_SDRAM - tcl is overriding PARAMETER
   C_BASEADDR_CTRL11 value to 0x09e -
   /raid/opt.x86_64/xilinx/14.5/ISE_DS/EDK/hw/XilinxProcessorIPLib/pcores/mpmc_v
   6_06_a/data/mpmc_v2_1_0.mpd line 876 
INFO:EDK:4130 - IPNAME: mpmc, INSTANCE:DDR2_SDRAM - tcl is overriding PARAMETER
   C_HIGHADDR_CTRL11 value to 0x0ac -
   /raid/opt.x86_64/xilinx/14.5/ISE_DS/EDK/hw/XilinxProcessorIPLib/pcores/mpmc_v
   6_06_a/data/mpmc_v2_1_0.mpd line 877 
INFO:EDK:4130 - IPNAME: mpmc, INSTANCE:DDR2_SDRAM - tcl is overriding PARAMETER
   C_BASEADDR_CTRL12 value to 0x0ad -
   /raid/opt.x86_64/xilinx/14.5/ISE_DS/EDK/hw/XilinxProcessorIPLib/pcores/mpmc_v
   6_06_a/data/mpmc_v2_1_0.mpd line 878 
INFO:EDK:4130 - IPNAME: mpmc, INSTANCE:DDR2_SDRAM - tcl is overriding PARAMETER
   C_HIGHADDR_CTRL12 value to 0x0c1 -
   /raid/opt.x86_64/xilinx/14.5/ISE_DS/EDK/hw/XilinxProcessorIPLib/pcores/mpmc_v
   6_06_a/data/mpmc_v2_1_0.mpd line 879 
INFO:EDK:4130 - IPNAME: mpmc, INSTANCE:DDR2_SDRAM - tcl is overriding PARAMETER
   C_BASEADDR_CTRL13 value to 0x0c2 -
   /raid/opt.x86_64/xilinx/14.5/ISE_DS/EDK/hw/XilinxProcessorIPLib/pcores/mpmc_v
   6_06_a/data/mpmc_v2_1_0.mpd line 880 
INFO:EDK:4130 - IPNAME: mpmc, INSTANCE:DDR2_SDRAM - tcl is overriding PARAMETER
   C_HIGHADDR_CTRL13 value to 0x0d0 -
   /raid/opt.x86_64/xilinx/14.5/ISE_DS/EDK/hw/XilinxProcessorIPLib/pcores/mpmc_v
   6_06_a/data/mpmc_v2_1_0.mpd line 881 
INFO:EDK:4130 - IPNAME: mpmc, INSTANCE:DDR2_SDRAM - tcl is overriding PARAMETER
   C_BASEADDR_CTRL14 value to 0x0d1 -
   /raid/opt.x86_64/xilinx/14.5/ISE_DS/EDK/hw/XilinxProcessorIPLib/pcores/mpmc_v
   6_06_a/data/mpmc_v2_1_0.mpd line 882 
INFO:EDK:4130 - IPNAME: mpmc, INSTANCE:DDR2_SDRAM - tcl is overriding PARAMETER
   C_HIGHADDR_CTRL14 value to 0x0e9 -
   /raid/opt.x86_64/xilinx/14.5/ISE_DS/EDK/hw/XilinxProcessorIPLib/pcores/mpmc_v
   6_06_a/data/mpmc_v2_1_0.mpd line 883 
INFO:EDK:4130 - IPNAME: mpmc, INSTANCE:DDR2_SDRAM - tcl is overriding PARAMETER
   C_BASEADDR_CTRL15 value to 0x0ea -
   /raid/opt.x86_64/xilinx/14.5/ISE_DS/EDK/hw/XilinxProcessorIPLib/pcores/mpmc_v
   6_06_a/data/mpmc_v2_1_0.mpd line 884 
INFO:EDK:4130 - IPNAME: mpmc, INSTANCE:DDR2_SDRAM - tcl is overriding PARAMETER
   C_HIGHADDR_CTRL15 value to 0x0eb -
   /raid/opt.x86_64/xilinx/14.5/ISE_DS/EDK/hw/XilinxProcessorIPLib/pcores/mpmc_v
   6_06_a/data/mpmc_v2_1_0.mpd line 885 
INFO:EDK:4130 - IPNAME: mpmc, INSTANCE:DDR2_SDRAM - tcl is overriding PARAMETER
   C_CTRL_BRAM_INIT_1D value to
   0x000002FC000002FC000002FC000002FC0000001C0000001C0000001C0000001C -
   /raid/opt.x86_64/xilinx/14.5/ISE_DS/EDK/hw/XilinxProcessorIPLib/pcores/mpmc_v
   6_06_a/data/mpmc_v2_1_0.mpd line 922 
INFO:EDK:4130 - IPNAME: mpmc, INSTANCE:DDR2_SDRAM - tcl is overriding PARAMETER
   C_CTRL_BRAM_INIT_1C value to
   0x0000001C0000001C0000001C0000001D0000001C0000001C0000001C0000001C -
   /raid/opt.x86_64/xilinx/14.5/ISE_DS/EDK/hw/XilinxProcessorIPLib/pcores/mpmc_v
   6_06_a/data/mpmc_v2_1_0.mpd line 923 
INFO:EDK:4130 - IPNAME: mpmc, INSTANCE:DDR2_SDRAM - tcl is overriding PARAMETER
   C_CTRL_BRAM_INIT_1B value to
   0x0000001C0000001C0000001C0000001C0000001C0000001C0000001C0000001C -
   /raid/opt.x86_64/xilinx/14.5/ISE_DS/EDK/hw/XilinxProcessorIPLib/pcores/mpmc_v
   6_06_a/data/mpmc_v2_1_0.mpd line 924 
INFO:EDK:4130 - IPNAME: mpmc, INSTANCE:DDR2_SDRAM - tcl is overriding PARAMETER
   C_CTRL_BRAM_INIT_1A value to
   0x0000001C0000001C000000100000001C0000001C0000001C000040080000001C -
   /raid/opt.x86_64/xilinx/14.5/ISE_DS/EDK/hw/XilinxProcessorIPLib/pcores/mpmc_v
   6_06_a/data/mpmc_v2_1_0.mpd line 925 
INFO:EDK:4130 - IPNAME: mpmc, INSTANCE:DDR2_SDRAM - tcl is overriding PARAMETER
   C_CTRL_BRAM_INIT_19 value to
   0x0000001C0000001C000040080000001C000024150000041C000024140000041C -
   /raid/opt.x86_64/xilinx/14.5/ISE_DS/EDK/hw/XilinxProcessorIPLib/pcores/mpmc_v
   6_06_a/data/mpmc_v2_1_0.mpd line 926 
INFO:EDK:4130 - IPNAME: mpmc, INSTANCE:DDR2_SDRAM - tcl is overriding PARAMETER
   C_CTRL_BRAM_INIT_18 value to
   0x000024140002041C000024140000141C0000001C000080180000001E0000001E -
   /raid/opt.x86_64/xilinx/14.5/ISE_DS/EDK/hw/XilinxProcessorIPLib/pcores/mpmc_v
   6_06_a/data/mpmc_v2_1_0.mpd line 927 
INFO:EDK:4130 - IPNAME: mpmc, INSTANCE:DDR2_SDRAM - tcl is overriding PARAMETER
   C_CTRL_BRAM_INIT_17 value to
   0x0000001E0000001E0000400A0000001F0000001E0000001E0000001E0000201E -
   /raid/opt.x86_64/xilinx/14.5/ISE_DS/EDK/hw/XilinxProcessorIPLib/pcores/mpmc_v
   6_06_a/data/mpmc_v2_1_0.mpd line 928 
INFO:EDK:4130 - IPNAME: mpmc, INSTANCE:DDR2_SDRAM - tcl is overriding PARAMETER
   C_CTRL_BRAM_INIT_16 value to
   0x0000001E000020060000011E000021060000011E000021060002011E00002106 -
   /raid/opt.x86_64/xilinx/14.5/ISE_DS/EDK/hw/XilinxProcessorIPLib/pcores/mpmc_v
   6_06_a/data/mpmc_v2_1_0.mpd line 929 
INFO:EDK:4130 - IPNAME: mpmc, INSTANCE:DDR2_SDRAM - tcl is overriding PARAMETER
   C_CTRL_BRAM_INIT_15 value to
   0x0000111E0000011E0000801A0000001C0000001C0000001C000040080000001C -
   /raid/opt.x86_64/xilinx/14.5/ISE_DS/EDK/hw/XilinxProcessorIPLib/pcores/mpmc_v
   6_06_a/data/mpmc_v2_1_0.mpd line 930 
INFO:EDK:4130 - IPNAME: mpmc, INSTANCE:DDR2_SDRAM - tcl is overriding PARAMETER
   C_CTRL_BRAM_INIT_14 value to
   0x000024150000041C000024140000041C000024140002041C000024140000141C -
   /raid/opt.x86_64/xilinx/14.5/ISE_DS/EDK/hw/XilinxProcessorIPLib/pcores/mpmc_v
   6_06_a/data/mpmc_v2_1_0.mpd line 931 
INFO:EDK:4130 - IPNAME: mpmc, INSTANCE:DDR2_SDRAM - tcl is overriding PARAMETER
   C_CTRL_BRAM_INIT_13 value to
   0x0000001C000080180000001E0000001E0000001E0000001E0000400A0000001F -
   /raid/opt.x86_64/xilinx/14.5/ISE_DS/EDK/hw/XilinxProcessorIPLib/pcores/mpmc_v
   6_06_a/data/mpmc_v2_1_0.mpd line 932 
INFO:EDK:4130 - IPNAME: mpmc, INSTANCE:DDR2_SDRAM - tcl is overriding PARAMETER
   C_CTRL_BRAM_INIT_12 value to
   0x0000001E0000001E0000001E0000201E0000001E000020060000011E00002106 -
   /raid/opt.x86_64/xilinx/14.5/ISE_DS/EDK/hw/XilinxProcessorIPLib/pcores/mpmc_v
   6_06_a/data/mpmc_v2_1_0.mpd line 933 
INFO:EDK:4130 - IPNAME: mpmc, INSTANCE:DDR2_SDRAM - tcl is overriding PARAMETER
   C_CTRL_BRAM_INIT_11 value to
   0x0000011E000021060002011E000021060000111E0000011E0000801A0000001C -
   /raid/opt.x86_64/xilinx/14.5/ISE_DS/EDK/hw/XilinxProcessorIPLib/pcores/mpmc_v
   6_06_a/data/mpmc_v2_1_0.mpd line 934 
INFO:EDK:4130 - IPNAME: mpmc, INSTANCE:DDR2_SDRAM - tcl is overriding PARAMETER
   C_CTRL_BRAM_INIT_10 value to
   0x0000001C0000001C000040080000001C0000001D000024140000041C00002414 -
   /raid/opt.x86_64/xilinx/14.5/ISE_DS/EDK/hw/XilinxProcessorIPLib/pcores/mpmc_v
   6_06_a/data/mpmc_v2_1_0.mpd line 935 
INFO:EDK:4130 - IPNAME: mpmc, INSTANCE:DDR2_SDRAM - tcl is overriding PARAMETER
   C_CTRL_BRAM_INIT_0F value to
   0x0000141C0000001C000080180000001E0000001E0000001E0000001E0000400A -
   /raid/opt.x86_64/xilinx/14.5/ISE_DS/EDK/hw/XilinxProcessorIPLib/pcores/mpmc_v
   6_06_a/data/mpmc_v2_1_0.mpd line 936 
INFO:EDK:4130 - IPNAME: mpmc, INSTANCE:DDR2_SDRAM - tcl is overriding PARAMETER
   C_CTRL_BRAM_INIT_0E value to
   0x0000001F0000001E0000001E0000001E0000201E0000001E000020060000011E -
   /raid/opt.x86_64/xilinx/14.5/ISE_DS/EDK/hw/XilinxProcessorIPLib/pcores/mpmc_v
   6_06_a/data/mpmc_v2_1_0.mpd line 937 
INFO:EDK:4130 - IPNAME: mpmc, INSTANCE:DDR2_SDRAM - tcl is overriding PARAMETER
   C_CTRL_BRAM_INIT_0D value to
   0x000021060000111E0000011E0000801A0000001C0000001C0000001C00004008 -
   /raid/opt.x86_64/xilinx/14.5/ISE_DS/EDK/hw/XilinxProcessorIPLib/pcores/mpmc_v
   6_06_a/data/mpmc_v2_1_0.mpd line 938 
INFO:EDK:4130 - IPNAME: mpmc, INSTANCE:DDR2_SDRAM - tcl is overriding PARAMETER
   C_CTRL_BRAM_INIT_0C value to
   0x0000001C0000001D0000001C0000001C000024140000141C0000001C00008018 -
   /raid/opt.x86_64/xilinx/14.5/ISE_DS/EDK/hw/XilinxProcessorIPLib/pcores/mpmc_v
   6_06_a/data/mpmc_v2_1_0.mpd line 939 
INFO:EDK:4130 - IPNAME: mpmc, INSTANCE:DDR2_SDRAM - tcl is overriding PARAMETER
   C_CTRL_BRAM_INIT_0B value to
   0x0000001E0000001E0000001E0000001E0000400A0000001F0000001E0000001E -
   /raid/opt.x86_64/xilinx/14.5/ISE_DS/EDK/hw/XilinxProcessorIPLib/pcores/mpmc_v
   6_06_a/data/mpmc_v2_1_0.mpd line 940 
INFO:EDK:4130 - IPNAME: mpmc, INSTANCE:DDR2_SDRAM - tcl is overriding PARAMETER
   C_CTRL_BRAM_INIT_0A value to
   0x0000001E0000201E0000001E000020060000111E0000011E0000801A0000001C -
   /raid/opt.x86_64/xilinx/14.5/ISE_DS/EDK/hw/XilinxProcessorIPLib/pcores/mpmc_v
   6_06_a/data/mpmc_v2_1_0.mpd line 941 
INFO:EDK:4130 - IPNAME: mpmc, INSTANCE:DDR2_SDRAM - tcl is overriding PARAMETER
   C_CTRL_BRAM_INIT_09 value to
   0x0000001C0000001C000040080000001C0000001D0000001C0000001C00002014 -
   /raid/opt.x86_64/xilinx/14.5/ISE_DS/EDK/hw/XilinxProcessorIPLib/pcores/mpmc_v
   6_06_a/data/mpmc_v2_1_0.mpd line 942 
INFO:EDK:4130 - IPNAME: mpmc, INSTANCE:DDR2_SDRAM - tcl is overriding PARAMETER
   C_CTRL_BRAM_INIT_08 value to
   0x0000141C0000001C000080180000001E0000001E0000001E0000001E0000400A -
   /raid/opt.x86_64/xilinx/14.5/ISE_DS/EDK/hw/XilinxProcessorIPLib/pcores/mpmc_v
   6_06_a/data/mpmc_v2_1_0.mpd line 943 
INFO:EDK:4130 - IPNAME: mpmc, INSTANCE:DDR2_SDRAM - tcl is overriding PARAMETER
   C_CTRL_BRAM_INIT_07 value to
   0x0000001F0000001E0000001E0000001E0000001E0000001E000020060001111E -
   /raid/opt.x86_64/xilinx/14.5/ISE_DS/EDK/hw/XilinxProcessorIPLib/pcores/mpmc_v
   6_06_a/data/mpmc_v2_1_0.mpd line 944 
INFO:EDK:4130 - IPNAME: mpmc, INSTANCE:DDR2_SDRAM - tcl is overriding PARAMETER
   C_CTRL_BRAM_INIT_06 value to
   0x0000011E0000801A0000001C0000001C0000001C000040080000001C0000001D -
   /raid/opt.x86_64/xilinx/14.5/ISE_DS/EDK/hw/XilinxProcessorIPLib/pcores/mpmc_v
   6_06_a/data/mpmc_v2_1_0.mpd line 945 
INFO:EDK:4130 - IPNAME: mpmc, INSTANCE:DDR2_SDRAM - tcl is overriding PARAMETER
   C_CTRL_BRAM_INIT_05 value to
   0x0000001C0000001C000020140000141C0000001C000080180000001E0000001E -
   /raid/opt.x86_64/xilinx/14.5/ISE_DS/EDK/hw/XilinxProcessorIPLib/pcores/mpmc_v
   6_06_a/data/mpmc_v2_1_0.mpd line 946 
INFO:EDK:4130 - IPNAME: mpmc, INSTANCE:DDR2_SDRAM - tcl is overriding PARAMETER
   C_CTRL_BRAM_INIT_04 value to
   0x0000001E0000001E0000400A0000001F0000001E0000001E0000001E0000001E -
   /raid/opt.x86_64/xilinx/14.5/ISE_DS/EDK/hw/XilinxProcessorIPLib/pcores/mpmc_v
   6_06_a/data/mpmc_v2_1_0.mpd line 947 
INFO:EDK:4130 - IPNAME: mpmc, INSTANCE:DDR2_SDRAM - tcl is overriding PARAMETER
   C_CTRL_BRAM_INIT_03 value to
   0x0000001E000020060001111E0000011E0000801A0000001C0000001C0000001C -
   /raid/opt.x86_64/xilinx/14.5/ISE_DS/EDK/hw/XilinxProcessorIPLib/pcores/mpmc_v
   6_06_a/data/mpmc_v2_1_0.mpd line 948 
INFO:EDK:4130 - IPNAME: mpmc, INSTANCE:DDR2_SDRAM - tcl is overriding PARAMETER
   C_CTRL_BRAM_INIT_02 value to
   0x000040080000001C0000001D0000001C0000001C000020140000141C0000001C -
   /raid/opt.x86_64/xilinx/14.5/ISE_DS/EDK/hw/XilinxProcessorIPLib/pcores/mpmc_v
   6_06_a/data/mpmc_v2_1_0.mpd line 949 
INFO:EDK:4130 - IPNAME: mpmc, INSTANCE:DDR2_SDRAM - tcl is overriding PARAMETER
   C_CTRL_BRAM_INIT_01 value to
   0x000080180000001E0000001E0000001E0000001E0000400A0000001F0000001E -
   /raid/opt.x86_64/xilinx/14.5/ISE_DS/EDK/hw/XilinxProcessorIPLib/pcores/mpmc_v
   6_06_a/data/mpmc_v2_1_0.mpd line 950 
INFO:EDK:4130 - IPNAME: mpmc, INSTANCE:DDR2_SDRAM - tcl is overriding PARAMETER
   C_CTRL_BRAM_INIT_00 value to
   0x0000001E0000001E0000001E0000001E000020060001111E0000011E0000801A -
   /raid/opt.x86_64/xilinx/14.5/ISE_DS/EDK/hw/XilinxProcessorIPLib/pcores/mpmc_v
   6_06_a/data/mpmc_v2_1_0.mpd line 951 
INFO:EDK:4130 - IPNAME: mpmc, INSTANCE:DDR2_SDRAM - tcl is overriding PARAMETER
   C_CTRL_BRAM_INITP_03 value to
   0x0000000000000000000000000000000000000000000000000000000000000000 -
   /raid/opt.x86_64/xilinx/14.5/ISE_DS/EDK/hw/XilinxProcessorIPLib/pcores/mpmc_v
   6_06_a/data/mpmc_v2_1_0.mpd line 957 
INFO:EDK:4130 - IPNAME: mpmc, INSTANCE:DDR2_SDRAM - tcl is overriding PARAMETER
   C_CTRL_BRAM_INITP_02 value to
   0x0000000000000000000000000000000000000000000000000000000000000000 -
   /raid/opt.x86_64/xilinx/14.5/ISE_DS/EDK/hw/XilinxProcessorIPLib/pcores/mpmc_v
   6_06_a/data/mpmc_v2_1_0.mpd line 958 
INFO:EDK:4130 - IPNAME: mpmc, INSTANCE:DDR2_SDRAM - tcl is overriding PARAMETER
   C_CTRL_BRAM_INITP_01 value to
   0x0000000000000000000000000000000000000000000000000000000000000000 -
   /raid/opt.x86_64/xilinx/14.5/ISE_DS/EDK/hw/XilinxProcessorIPLib/pcores/mpmc_v
   6_06_a/data/mpmc_v2_1_0.mpd line 959 
INFO:EDK:4130 - IPNAME: mpmc, INSTANCE:DDR2_SDRAM - tcl is overriding PARAMETER
   C_CTRL_BRAM_INITP_00 value to
   0x0000000000000000000000000000000000000000000000000000000000000000 -
   /raid/opt.x86_64/xilinx/14.5/ISE_DS/EDK/hw/XilinxProcessorIPLib/pcores/mpmc_v
   6_06_a/data/mpmc_v2_1_0.mpd line 960 
INFO:EDK:4130 - IPNAME: jtagppc_cntlr, INSTANCE:jtagppc_cntlr_inst - tcl is
   overriding PARAMETER C_NUM_PPC_USED value to 1 -
   /raid/opt.x86_64/xilinx/14.5/ISE_DS/EDK/hw/XilinxProcessorIPLib/pcores/jtagpp
   c_cntlr_v2_01_c/data/jtagppc_cntlr_v2_1_0.mpd line 77 
INFO:EDK:4130 - IPNAME: xps_intc, INSTANCE:xps_intc_0 - tcl is overriding
   PARAMETER C_NUM_INTR_INPUTS value to 1 -
   /raid/opt.x86_64/xilinx/14.5/ISE_DS/EDK/hw/XilinxProcessorIPLib/pcores/xps_in
   tc_v2_01_a/data/xps_intc_v2_1_0.mpd line 87 
INFO:EDK:4130 - IPNAME: xps_intc, INSTANCE:xps_intc_0 - tcl is overriding
   PARAMETER C_KIND_OF_INTR value to 0b11111111111111111111111111111111 -
   /raid/opt.x86_64/xilinx/14.5/ISE_DS/EDK/hw/XilinxProcessorIPLib/pcores/xps_in
   tc_v2_01_a/data/xps_intc_v2_1_0.mpd line 88 
INFO:EDK:4130 - IPNAME: xps_intc, INSTANCE:xps_intc_0 - tcl is overriding
   PARAMETER C_KIND_OF_EDGE value to 0b11111111111111111111111111111111 -
   /raid/opt.x86_64/xilinx/14.5/ISE_DS/EDK/hw/XilinxProcessorIPLib/pcores/xps_in
   tc_v2_01_a/data/xps_intc_v2_1_0.mpd line 89 
INFO:EDK:4130 - IPNAME: xps_intc, INSTANCE:xps_intc_0 - tcl is overriding
   PARAMETER C_KIND_OF_LVL value to 0b11111111111111111111111111111111 -
   /raid/opt.x86_64/xilinx/14.5/ISE_DS/EDK/hw/XilinxProcessorIPLib/pcores/xps_in
   tc_v2_01_a/data/xps_intc_v2_1_0.mpd line 90 
INFO:EDK:4130 - IPNAME: xps_intc, INSTANCE:xps_intc_1 - tcl is overriding
   PARAMETER C_NUM_INTR_INPUTS value to 1 -
   /raid/opt.x86_64/xilinx/14.5/ISE_DS/EDK/hw/XilinxProcessorIPLib/pcores/xps_in
   tc_v2_01_a/data/xps_intc_v2_1_0.mpd line 87 
INFO:EDK:4130 - IPNAME: xps_intc, INSTANCE:xps_intc_1 - tcl is overriding
   PARAMETER C_KIND_OF_INTR value to 0b11111111111111111111111111111111 -
   /raid/opt.x86_64/xilinx/14.5/ISE_DS/EDK/hw/XilinxProcessorIPLib/pcores/xps_in
   tc_v2_01_a/data/xps_intc_v2_1_0.mpd line 88 
INFO:EDK:4130 - IPNAME: xps_intc, INSTANCE:xps_intc_1 - tcl is overriding
   PARAMETER C_KIND_OF_EDGE value to 0b11111111111111111111111111111111 -
   /raid/opt.x86_64/xilinx/14.5/ISE_DS/EDK/hw/XilinxProcessorIPLib/pcores/xps_in
   tc_v2_01_a/data/xps_intc_v2_1_0.mpd line 89 
INFO:EDK:4130 - IPNAME: xps_intc, INSTANCE:xps_intc_1 - tcl is overriding
   PARAMETER C_KIND_OF_LVL value to 0b11111111111111111111111111111111 -
   /raid/opt.x86_64/xilinx/14.5/ISE_DS/EDK/hw/XilinxProcessorIPLib/pcores/xps_in
   tc_v2_01_a/data/xps_intc_v2_1_0.mpd line 90 
INFO:EDK:4130 - IPNAME: chipscope_icon, INSTANCE:chipscope_icon_0 - tcl is
   overriding PARAMETER C_SYSTEM_CONTAINS_MDM value to 1 -
   /raid/opt.x86_64/xilinx/14.5/ISE_DS/EDK/hw/XilinxProcessorIPLib/pcores/chipsc
   ope_icon_v1_06_a/data/chipscope_icon_v2_1_0.mpd line 81 

Running system level update procedures...

Running UPDATE Tcl procedures for OPTION SYSLEVEL_UPDATE_PROC...

Running system level DRCs...

Performing System level DRCs on properties...

Running DRC Tcl procedures for OPTION SYSLEVEL_DRC_PROC...
Chipscope Integrate Controller, instance 'chipscope_icon', exists in System 
Chipscope Integrate Controller, instance 'chipscope_icon', exists in System 
Chipscope Integrate Controller, instance 'chipscope_icon', exists in System 
Chipscope Integrate Controller, instance 'chipscope_icon', exists in System 
Conversion to XML complete.
