WARNING:EDK:878 - Could not find IP doc
   http://www.xilinx.com/cgi-bin/docs/ipdoc?c=ppc405_virtex4;v=v2_01_b;d=ppc405_
   virtex4.pdf
WARNING:EDK:878 - Could not find IP doc
   http://www.xilinx.com/cgi-bin/docs/ipdoc?c=lmb_v10;v=v2_00_b;d=pg087-lmb-v10.
   pdf
WARNING:EDK:878 - Could not find IP doc
   http://www.xilinx.com/cgi-bin/docs/ipdoc?c=lmb_v10;v=v2_00_b;d=pg087-lmb-v10.
   pdf
WARNING:EDK:878 - Could not find IP doc
   http://www.xilinx.com/cgi-bin/docs/ipdoc?c=lmb_bram_if_cntlr;v=v3_10_c;d=pg06
   1-lmb-bram-if-cntlr.pdf
WARNING:EDK:878 - Could not find IP doc
   http://www.xilinx.com/cgi-bin/docs/ipdoc?c=lmb_bram_if_cntlr;v=v3_10_c;d=pg06
   1-lmb-bram-if-cntlr.pdf
WARNING:EDK:878 - Could not find IP doc
   http://www.xilinx.com/cgi-bin/docs/ipdoc?c=bram_block;v=v1_00_a;d=bram_block.
   pdf
WARNING:EDK:878 - Could not find IP doc
   http://www.xilinx.com/cgi-bin/docs/ipdoc?c=mdm;v=v2_10_a;d=pg062-mdm.pdf
WARNING:EDK:878 - Could not find IP doc
   http://www.xilinx.com/cgi-bin/docs/ipdoc?c=plb_v46;v=v1_05_a;d=plb_v46.pdf
WARNING:EDK:878 - Could not find IP doc
   http://www.xilinx.com/cgi-bin/docs/ipdoc?c=xps_bram_if_cntlr;v=v1_00_b;d=xps_
   bram_if_cntlr.pdf
WARNING:EDK:878 - Could not find IP doc
   http://www.xilinx.com/cgi-bin/docs/ipdoc?c=bram_block;v=v1_00_a;d=bram_block.
   pdf
WARNING:EDK:878 - Could not find IP doc
   http://www.xilinx.com/cgi-bin/docs/ipdoc?c=xps_uartlite;v=v1_02_a;d=xps_uartl
   ite.pdf
WARNING:EDK:878 - Could not find IP doc
   http://www.xilinx.com/cgi-bin/docs/ipdoc?c=mpmc;v=v6_06_a;d=mpmc.pdf
WARNING:EDK:878 - Could not find IP doc
   http://www.xilinx.com/cgi-bin/docs/ipdoc?c=plb_v46;v=v1_05_a;d=plb_v46.pdf
WARNING:EDK:878 - Could not find IP doc
   http://www.xilinx.com/cgi-bin/docs/ipdoc?c=plb_v46;v=v1_05_a;d=plb_v46.pdf
WARNING:EDK:878 - Could not find IP doc
   http://www.xilinx.com/cgi-bin/docs/ipdoc?c=clock_generator;v=v4_03_a;d=clock_
   generator.pdf
WARNING:EDK:878 - Could not find IP doc
   http://www.xilinx.com/cgi-bin/docs/ipdoc?c=proc_sys_reset;v=v3_00_a;d=proc_sy
   s_reset.pdf
WARNING:EDK:878 - Could not find IP doc
   http://www.xilinx.com/cgi-bin/docs/ipdoc?c=xps_intc;v=v2_01_a;d=xps_intc.pdf
WARNING:EDK:878 - Could not find IP doc
   http://www.xilinx.com/cgi-bin/docs/ipdoc?c=xps_intc;v=v2_01_a;d=xps_intc.pdf
WARNING:EDK:878 - Could not find IP doc
   http://www.xilinx.com/cgi-bin/docs/ipdoc?c=fsl_v20;v=v2_11_f;d=fsl_v20.pdf
Generated Block Diagram.
Rasterizing ppc405_0.jpg.....
Rasterizing microblaze_0.jpg.....
Rasterizing ilmb.jpg.....
Rasterizing dlmb.jpg.....
Rasterizing dlmb_cntlr.jpg.....
Rasterizing ilmb_cntlr.jpg.....
Rasterizing lmb_bram.jpg.....
Rasterizing mdm_0.jpg.....
Rasterizing plb.jpg.....
Rasterizing xps_bram_if_cntlr_1.jpg.....
Rasterizing plb_bram_if_cntlr_1_bram.jpg.....
Rasterizing RS232_Uart_1.jpg.....
Rasterizing MGT_wrapper.jpg.....
Rasterizing DDR2_SDRAM.jpg.....
Rasterizing ppc405_0_iplb1.jpg.....
Rasterizing ppc405_0_dplb1.jpg.....
Rasterizing ORGate_1.jpg.....
Rasterizing clock_generator_0.jpg.....
Rasterizing jtagppc_cntlr_inst.jpg.....
Rasterizing proc_sys_reset_0.jpg.....
Rasterizing xps_intc_0.jpg.....
Rasterizing xps_intc_1.jpg.....
Rasterizing sdn_switch_0.jpg.....
Rasterizing fsl_switch_intf_0.jpg.....
Rasterizing fsl_v20_0.jpg.....
Rasterizing chipscope_icon_0.jpg.....
Rasterizing chipscope_ila_0_sdn_switch_ip.jpg.....
Rasterizing chipscope_ila_1_fsl_switch_intf.jpg.....
Rasterizing sdn_ctlr_intf_0.jpg.....
Rasterizing chipscope_vio_0.jpg.....
Rasterizing chipscope_ila_0_sdn_switch_op.jpg.....
Rasterizing system_blkd.jpg.....
Report generated.
Report generation completed.
