Updating project device from '4vfx60' to 'xc4vfx60'.
INFO:encore:314 - Created non-GUI application for batch mode execution.
Wrote CGP file for project 'coregen'.
INFO:sim:172 - Generating IP...
Resolving generic values...
Finished resolving generic values.
Generating IP...
Configuring files for chipscope_ila_1_fsl_switch_intf root...
Gathering HDL files for chipscope_ila_1_fsl_switch_intf root...
Creating XST project for chipscope_ila_1_fsl_switch_intf...
Creating XST script file for chipscope_ila_1_fsl_switch_intf...
Creating XST instantiation file for chipscope_ila_1_fsl_switch_intf...
Running XST for chipscope_ila_1_fsl_switch_intf...
XST: HDL Compilation
XST: Design Hierarchy Analysis
XST: HDL Analysis
XST: HDL Synthesis
XST: Advanced HDL Synthesis
XST: Low Level Synthesis
Not generating VHDL wrapper
Not generating Verilog wrapper
Skipping VHDL instantiation template for chipscope_ila_1_fsl_switch_intf...
Skipping Verilog instantiation template for chipscope_ila_1_fsl_switch_intf...
Finished Generation.
Generating IP instantiation template...
Generating ASY schematic symbol...
INFO:sim:949 - Finished generation of ASY schematic symbol.
Generating metadata file...
Generating ISE project...
XCO file found: chipscope_ila_1_fsl_switch_intf.xco
XMDF file found: chipscope_ila_1_fsl_switch_intf_xmdf.tcl
WARNING: chipscope_ila_1_fsl_switch_intf.vhd does not exist, will not be added
to ISE project.
WARNING: chipscope_ila_1_fsl_switch_intf.vho does not exist, will not be added
to ISE project.
Adding
/raid/home/akumar17/thesis/sdn_switch/edk/implementation/chipscope_ila_1_fsl_swi
tch_intf_wrapper/tmp/_cg/chipscope_ila_1_fsl_switch_intf.asy -view all
-origin_type imported
Adding
/raid/home/akumar17/thesis/sdn_switch/edk/implementation/chipscope_ila_1_fsl_swi
tch_intf_wrapper/tmp/_cg/chipscope_ila_1_fsl_switch_intf.ngc -view all
-origin_type created
Checking file
"/raid/home/akumar17/thesis/sdn_switch/edk/implementation/chipscope_ila_1_fsl_sw
itch_intf_wrapper/tmp/_cg/chipscope_ila_1_fsl_switch_intf.ngc" for project
device match ...
File
"/raid/home/akumar17/thesis/sdn_switch/edk/implementation/chipscope_ila_1_fsl_sw
itch_intf_wrapper/tmp/_cg/chipscope_ila_1_fsl_switch_intf.ngc" device
information matches project device.
INFO:TclTasksC:2116 - The automatic calculation of top has been turned-off.
   Please set the new top explicitly by running the "project set top" command.
   To re-calculate the new top automatically, set the "Auto Implementation Top"
   property to true.
Top level has been set to "/chipscope_ila_1_fsl_switch_intf"
Generating README file...
Generating FLIST file...
INFO:sim:948 - Finished FLIST file generation.
Moving files to output directory...
Finished moving files to output directory
Saved CGP file for project 'coregen'.
